#
# A fatal error has been detected by the Java Runtime Environment:
#
#  Internal Error (./src/hotspot/share/oops/methodData.cpp:1079), pid=6944, tid=10640
#  Error: ShouldNotReachHere()
#
# JRE version: OpenJDK Runtime Environment (11.0.10) (build 11.0.10+0-b96-7249189)
# Java VM: OpenJDK 64-Bit Server VM (11.0.10+0-b96-7249189, mixed mode, tiered, compressed oops, g1 gc, windows-amd64)
# No core dump will be written. Minidumps are not enabled by default on client versions of Windows
#
# If you would like to submit a bug report, please visit:
#   https://bugreport.java.com/bugreport/crash.jsp
#

---------------  S U M M A R Y ------------

Command Line: --add-opens=java.base/java.util=ALL-UNNAMED --add-opens=java.base/java.lang=ALL-UNNAMED --add-opens=java.base/java.lang.invoke=ALL-UNNAMED --add-opens=java.base/java.util=ALL-UNNAMED --add-opens=java.prefs/java.util.prefs=ALL-UNNAMED --add-opens=java.prefs/java.util.prefs=ALL-UNNAMED --add-opens=java.base/java.nio.charset=ALL-UNNAMED --add-opens=java.base/java.net=ALL-UNNAMED --add-opens=java.base/java.util.concurrent.atomic=ALL-UNNAMED -Xmx2048m -Dfile.encoding=UTF-8 -Duser.country=US -Duser.language=en -Duser.variant org.gradle.launcher.daemon.bootstrap.GradleDaemon 7.0.2

Host: Intel(R) Core(TM) i5-9300HF CPU @ 2.40GHz, 8 cores, 7G,  Windows 10 , 64 bit Build 22000 (10.0.22000.282)
Time: Thu Nov 11 17:46:15 2021 India Standard Time elapsed time: 15532.821939 seconds (0d 4h 18m 52s)

---------------  T H R E A D  ---------------

Current thread (0x000001d5083d0000):  GCTaskThread "GC Thread#7" [stack: 0x00000065d1000000,0x00000065d1100000] [id=10640]

Stack: [0x00000065d1000000,0x00000065d1100000]
[error occurred during error reporting (printing stack bounds), id 0xc0000005, EXCEPTION_ACCESS_VIOLATION (0xc0000005) at pc=0x000001d56ebf0f2d]

Native frames: (J=compiled Java code, j=interpreted, Vv=VM code, C=native code)
V  [jvm.dll+0x5ecfaa]
V  [jvm.dll+0x722bd5]
V  [jvm.dll+0x72412d]
V  [jvm.dll+0x724745]
V  [jvm.dll+0x7246fb]
V  [jvm.dll+0x5ec348]
V  [jvm.dll+0x5ecad8]
C  [ntdll.dll+0xa82ff]
C  [ntdll.dll+0x35a0a]
C  [ntdll.dll+0xa730e]
C  0x000001d56ebf0f2d


---------------  P R O C E S S  ---------------

Threads class SMR info:
_java_thread_list=0x000001d5115e5770, length=115, elements={
0x000001d56b0ff800, 0x000001d57f583800, 0x000001d57f586800, 0x000001d506045800,
0x000001d506046800, 0x000001d506047800, 0x000001d50604b000, 0x000001d50604c000,
0x000001d50608b800, 0x000001d5061ac800, 0x000001d5087bf000, 0x000001d50788b000,
0x000001d508519800, 0x000001d50831e000, 0x000001d50831c800, 0x000001d508320800,
0x000001d508321800, 0x000001d50831b800, 0x000001d506ab2800, 0x000001d506ab5000,
0x000001d506aaf800, 0x000001d506ab6000, 0x000001d506ab9000, 0x000001d50975a800,
0x000001d509755000, 0x000001d509757800, 0x000001d509756000, 0x000001d50975c800,
0x000001d509760800, 0x000001d50975e000, 0x000001d50f1f4800, 0x000001d50f1fa800,
0x000001d50f1f9800, 0x000001d50ce46000, 0x000001d50f1f2000, 0x000001d50f1f1800,
0x000001d50ce4d800, 0x000001d50ce4c800, 0x000001d50f1f8800, 0x000001d50ce4e000,
0x000001d50ce4a000, 0x000001d50ce49000, 0x000001d50ce4b800, 0x000001d506ab1000,
0x000001d50f1f8000, 0x000001d50d064800, 0x000001d50d05e000, 0x000001d50d061000,
0x000001d50d063800, 0x000001d50d05c800, 0x000001d50f1f5800, 0x000001d50f1f6000,
0x000001d50ce46800, 0x000001d50ce42000, 0x000001d50ce48800, 0x000001d50ce45000,
0x000001d50f1f3000, 0x000001d506ab2000, 0x000001d50f1fb000, 0x000001d506aba000,
0x000001d50d056800, 0x000001d50d058000, 0x000001d509af6000, 0x000001d509afa800,
0x000001d509af9800, 0x000001d50d05a800, 0x000001d50d05a000, 0x000001d50d05d000,
0x000001d50d05b800, 0x000001d509af8000, 0x000001d50975b800, 0x000001d509759000,
0x000001d50d059000, 0x000001d506ab8800, 0x000001d506abb800, 0x000001d50f1f3800,
0x000001d50ccda000, 0x000001d50d05f800, 0x000001d509763000, 0x000001d509761000,
0x000001d50d062000, 0x000001d50ccdb000, 0x000001d50ccdc000, 0x000001d509af2000,
0x000001d50f1f7000, 0x000001d509aef800, 0x000001d509aec800, 0x000001d50ce4b000,
0x000001d509aeb800, 0x000001d50f1fe800, 0x000001d508265800, 0x000001d509af7000,
0x000001d50cce1000, 0x000001d50cce0000, 0x000001d50ccdc800, 0x000001d50ccdd800,
0x000001d50ccdf000, 0x000001d50ccde800, 0x000001d508262800, 0x000001d50825f000,
0x000001d508263000, 0x000001d508260000, 0x000001d508261000, 0x000001d50825d800,
0x000001d508261800, 0x000001d508264000, 0x000001d50825e800, 0x000001d508267800,
0x000001d508268000, 0x000001d508269000, 0x000001d50826a000, 0x000001d50826a800,
0x000001d508265000, 0x000001d508266800, 0x000001d509af3000
}

Java Threads: ( => current thread )
  0x000001d56b0ff800 JavaThread "main" [_thread_blocked, id=16272, stack(0x00000065cf500000,0x00000065cf600000)]
  0x000001d57f583800 JavaThread "Reference Handler" daemon [_thread_blocked, id=16724, stack(0x00000065cfd00000,0x00000065cfe00000)]
  0x000001d57f586800 JavaThread "Finalizer" daemon [_thread_blocked, id=2216, stack(0x00000065cfe00000,0x00000065cff00000)]
  0x000001d506045800 JavaThread "Signal Dispatcher" daemon [_thread_blocked, id=12700, stack(0x00000065cff00000,0x00000065d0000000)]
  0x000001d506046800 JavaThread "Attach Listener" daemon [_thread_blocked, id=16728, stack(0x00000065d0000000,0x00000065d0100000)]
  0x000001d506047800 JavaThread "Service Thread" daemon [_thread_blocked, id=17980, stack(0x00000065d0100000,0x00000065d0200000)]
  0x000001d50604b000 JavaThread "C2 CompilerThread0" daemon [_thread_in_native, id=19540, stack(0x00000065d0200000,0x00000065d0300000)]
  0x000001d50604c000 JavaThread "C1 CompilerThread0" daemon [_thread_blocked, id=21636, stack(0x00000065d0300000,0x00000065d0400000)]
  0x000001d50608b800 JavaThread "Sweeper thread" daemon [_thread_blocked, id=18860, stack(0x00000065d0400000,0x00000065d0500000)]
  0x000001d5061ac800 JavaThread "Common-Cleaner" daemon [_thread_blocked, id=10400, stack(0x00000065d0500000,0x00000065d0600000)]
  0x000001d5087bf000 JavaThread "Daemon health stats" [_thread_blocked, id=6388, stack(0x00000065d0b00000,0x00000065d0c00000)]
  0x000001d50788b000 JavaThread "Incoming local TCP Connector on port 51566" [_thread_in_native, id=15904, stack(0x00000065d0700000,0x00000065d0800000)]
  0x000001d508519800 JavaThread "Daemon periodic checks" [_thread_blocked, id=18052, stack(0x00000065d0800000,0x00000065d0900000)]
  0x000001d50831e000 JavaThread "Cache worker for file hash cache (C:\Users\LENOVO\.gradle\caches\7.0.2\fileHashes)" [_thread_blocked, id=9776, stack(0x00000065d1b00000,0x00000065d1c00000)]
  0x000001d50831c800 JavaThread "File lock request listener" [_thread_in_native, id=12620, stack(0x00000065d1c00000,0x00000065d1d00000)]
  0x000001d508320800 JavaThread "Cache worker for journal cache (C:\Users\LENOVO\.gradle\caches\journal-1)" [_thread_blocked, id=17320, stack(0x00000065d1e00000,0x00000065d1f00000)]
  0x000001d508321800 JavaThread "File watcher server" daemon [_thread_in_native, id=2960, stack(0x00000065d2100000,0x00000065d2200000)]
  0x000001d50831b800 JavaThread "File watcher consumer" daemon [_thread_blocked, id=11604, stack(0x00000065d2200000,0x00000065d2300000)]
  0x000001d506ab2800 JavaThread "Cache worker for execution history cache (C:\Users\LENOVO\.gradle\caches\7.0.2\executionHistory)" [_thread_blocked, id=19328, stack(0x00000065d2600000,0x00000065d2700000)]
  0x000001d506ab5000 JavaThread "jar transforms" [_thread_blocked, id=21584, stack(0x00000065d2800000,0x00000065d2900000)]
  0x000001d506aaf800 JavaThread "jar transforms Thread 2" [_thread_blocked, id=19424, stack(0x00000065d2900000,0x00000065d2a00000)]
  0x000001d506ab6000 JavaThread "Cache worker for file content cache (C:\Users\LENOVO\.gradle\caches\7.0.2\fileContent)" [_thread_blocked, id=9972, stack(0x00000065d2a00000,0x00000065d2b00000)]
  0x000001d506ab9000 JavaThread "jar transforms Thread 3" [_thread_blocked, id=22324, stack(0x00000065d2c00000,0x00000065d2d00000)]
  0x000001d50975a800 JavaThread "jar transforms Thread 4" [_thread_blocked, id=20220, stack(0x00000065d3600000,0x00000065d3700000)]
  0x000001d509755000 JavaThread "jar transforms Thread 5" [_thread_blocked, id=20272, stack(0x00000065d3700000,0x00000065d3800000)]
  0x000001d509757800 JavaThread "jar transforms Thread 6" [_thread_blocked, id=18064, stack(0x00000065d3800000,0x00000065d3900000)]
  0x000001d509756000 JavaThread "jar transforms Thread 7" [_thread_blocked, id=6076, stack(0x00000065d3900000,0x00000065d3a00000)]
  0x000001d50975c800 JavaThread "jar transforms Thread 8" [_thread_blocked, id=620, stack(0x00000065d3a00000,0x00000065d3b00000)]
  0x000001d509760800 JavaThread "Memory manager" [_thread_blocked, id=300, stack(0x00000065d2700000,0x00000065d2800000)]
  0x000001d50975e000 JavaThread "pool-3-thread-1" [_thread_blocked, id=19956, stack(0x00000065d3d00000,0x00000065d3e00000)]
  0x000001d50f1f4800 JavaThread "Cache worker for Java compile cache (C:\Users\LENOVO\.gradle\caches\7.0.2\javaCompile)" [_thread_blocked, id=18472, stack(0x00000065d5000000,0x00000065d5100000)]
  0x000001d50f1fa800 JavaThread "pool-8-thread-1" [_thread_blocked, id=11632, stack(0x00000065d3b00000,0x00000065d3c00000)]
  0x000001d50f1f9800 JavaThread "pool-12-thread-1" [_thread_blocked, id=5224, stack(0x00000065d3500000,0x00000065d3600000)]
  0x000001d50ce46000 JavaThread "pool-16-thread-1" [_thread_blocked, id=22496, stack(0x00000065d3e00000,0x00000065d3f00000)]
  0x000001d50f1f2000 JavaThread "pool-20-thread-1" [_thread_blocked, id=19512, stack(0x00000065d3f00000,0x00000065d4000000)]
  0x000001d50f1f1800 JavaThread "pool-24-thread-1" [_thread_blocked, id=5604, stack(0x00000065d4000000,0x00000065d4100000)]
  0x000001d50ce4d800 JavaThread "pool-28-thread-1" [_thread_blocked, id=12548, stack(0x00000065d3400000,0x00000065d3500000)]
  0x000001d50ce4c800 JavaThread "pool-32-thread-1" [_thread_blocked, id=21036, stack(0x00000065d4100000,0x00000065d4200000)]
  0x000001d50f1f8800 JavaThread "pool-36-thread-1" [_thread_blocked, id=13920, stack(0x00000065d4300000,0x00000065d4400000)]
  0x000001d50ce4e000 JavaThread "pool-39-thread-1" [_thread_blocked, id=20652, stack(0x00000065d4400000,0x00000065d4500000)]
  0x000001d50ce4a000 JavaThread "pool-42-thread-1" [_thread_blocked, id=11656, stack(0x00000065d4200000,0x00000065d4300000)]
  0x000001d50ce49000 JavaThread "pool-46-thread-1" [_thread_blocked, id=11412, stack(0x00000065d4500000,0x00000065d4600000)]
  0x000001d50ce4b800 JavaThread "pool-49-thread-1" [_thread_blocked, id=1356, stack(0x00000065d4600000,0x00000065d4700000)]
  0x000001d506ab1000 JavaThread "pool-53-thread-1" [_thread_blocked, id=17088, stack(0x00000065d4700000,0x00000065d4800000)]
  0x000001d50f1f8000 JavaThread "pool-57-thread-1" [_thread_blocked, id=16548, stack(0x00000065d4800000,0x00000065d4900000)]
  0x000001d50d064800 JavaThread "pool-61-thread-1" [_thread_blocked, id=1976, stack(0x00000065d4900000,0x00000065d4a00000)]
  0x000001d50d05e000 JavaThread "pool-65-thread-1" [_thread_blocked, id=16648, stack(0x00000065d4a00000,0x00000065d4b00000)]
  0x000001d50d061000 JavaThread "pool-68-thread-1" [_thread_blocked, id=19308, stack(0x00000065d4b00000,0x00000065d4c00000)]
  0x000001d50d063800 JavaThread "pool-72-thread-1" [_thread_blocked, id=17560, stack(0x00000065d4c00000,0x00000065d4d00000)]
  0x000001d50d05c800 JavaThread "pool-75-thread-1" [_thread_blocked, id=20820, stack(0x00000065d4d00000,0x00000065d4e00000)]
  0x000001d50f1f5800 JavaThread "pool-79-thread-1" [_thread_blocked, id=17808, stack(0x00000065d4e00000,0x00000065d4f00000)]
  0x000001d50f1f6000 JavaThread "pool-82-thread-1" [_thread_blocked, id=3560, stack(0x00000065d5100000,0x00000065d5200000)]
  0x000001d50ce46800 JavaThread "pool-86-thread-1" [_thread_blocked, id=6352, stack(0x00000065d4f00000,0x00000065d5000000)]
  0x000001d50ce42000 JavaThread "pool-90-thread-1" [_thread_blocked, id=16444, stack(0x00000065d5200000,0x00000065d5300000)]
  0x000001d50ce48800 JavaThread "pool-94-thread-1" [_thread_blocked, id=20484, stack(0x00000065d5300000,0x00000065d5400000)]
  0x000001d50ce45000 JavaThread "pool-98-thread-1" [_thread_blocked, id=3400, stack(0x00000065d3c00000,0x00000065d3d00000)]
  0x000001d50f1f3000 JavaThread "pool-102-thread-1" [_thread_blocked, id=7856, stack(0x00000065d5400000,0x00000065d5500000)]
  0x000001d506ab2000 JavaThread "pool-106-thread-1" [_thread_blocked, id=11284, stack(0x00000065d5600000,0x00000065d5700000)]
  0x000001d50f1fb000 JavaThread "pool-110-thread-1" [_thread_blocked, id=21560, stack(0x00000065d5500000,0x00000065d5600000)]
  0x000001d506aba000 JavaThread "pool-114-thread-1" [_thread_blocked, id=10716, stack(0x00000065d5700000,0x00000065d5800000)]
  0x000001d50d056800 JavaThread "pool-118-thread-1" [_thread_blocked, id=15332, stack(0x00000065d5a00000,0x00000065d5b00000)]
  0x000001d50d058000 JavaThread "pool-122-thread-1" [_thread_blocked, id=18660, stack(0x00000065d5b00000,0x00000065d5c00000)]
  0x000001d509af6000 JavaThread "pool-125-thread-1" [_thread_blocked, id=18632, stack(0x00000065d5900000,0x00000065d5a00000)]
  0x000001d509afa800 JavaThread "pool-129-thread-1" [_thread_blocked, id=5944, stack(0x00000065d5800000,0x00000065d5900000)]
  0x000001d509af9800 JavaThread "pool-134-thread-1" [_thread_blocked, id=6032, stack(0x00000065d5c00000,0x00000065d5d00000)]
  0x000001d50d05a800 JavaThread "pool-139-thread-1" [_thread_blocked, id=18488, stack(0x00000065d5e00000,0x00000065d5f00000)]
  0x000001d50d05a000 JavaThread "pool-144-thread-1" [_thread_blocked, id=21612, stack(0x00000065d5d00000,0x00000065d5e00000)]
  0x000001d50d05d000 JavaThread "pool-149-thread-1" [_thread_blocked, id=15584, stack(0x00000065d5f00000,0x00000065d6000000)]
  0x000001d50d05b800 JavaThread "pool-154-thread-1" [_thread_blocked, id=18332, stack(0x00000065d6000000,0x00000065d6100000)]
  0x000001d509af8000 JavaThread "pool-159-thread-1" [_thread_blocked, id=20676, stack(0x00000065d6100000,0x00000065d6200000)]
  0x000001d50975b800 JavaThread "pool-164-thread-1" [_thread_blocked, id=20208, stack(0x00000065d6200000,0x00000065d6300000)]
  0x000001d509759000 JavaThread "pool-169-thread-1" [_thread_blocked, id=19016, stack(0x00000065d6300000,0x00000065d6400000)]
  0x000001d50d059000 JavaThread "pool-174-thread-1" [_thread_blocked, id=18424, stack(0x00000065d6400000,0x00000065d6500000)]
  0x000001d506ab8800 JavaThread "pool-179-thread-1" [_thread_blocked, id=21308, stack(0x00000065d6500000,0x00000065d6600000)]
  0x000001d506abb800 JavaThread "pool-182-thread-1" [_thread_blocked, id=21216, stack(0x00000065d6600000,0x00000065d6700000)]
  0x000001d50f1f3800 JavaThread "pool-186-thread-1" [_thread_blocked, id=17576, stack(0x00000065d6700000,0x00000065d6800000)]
  0x000001d50ccda000 JavaThread "pool-191-thread-1" [_thread_blocked, id=13064, stack(0x00000065d6900000,0x00000065d6a00000)]
  0x000001d50d05f800 JavaThread "pool-196-thread-1" [_thread_blocked, id=15160, stack(0x00000065d6a00000,0x00000065d6b00000)]
  0x000001d509763000 JavaThread "pool-201-thread-1" [_thread_blocked, id=16192, stack(0x00000065d6800000,0x00000065d6900000)]
  0x000001d509761000 JavaThread "pool-206-thread-1" [_thread_blocked, id=18316, stack(0x00000065d6b00000,0x00000065d6c00000)]
  0x000001d50d062000 JavaThread "pool-211-thread-1" [_thread_blocked, id=18656, stack(0x00000065d6c00000,0x00000065d6d00000)]
  0x000001d50ccdb000 JavaThread "pool-216-thread-1" [_thread_blocked, id=18320, stack(0x00000065d6d00000,0x00000065d6e00000)]
  0x000001d50ccdc000 JavaThread "pool-221-thread-1" [_thread_blocked, id=12912, stack(0x00000065d6e00000,0x00000065d6f00000)]
  0x000001d509af2000 JavaThread "pool-225-thread-1" [_thread_blocked, id=21732, stack(0x00000065d6f00000,0x00000065d7000000)]
  0x000001d50f1f7000 JavaThread "pool-229-thread-1" [_thread_blocked, id=21088, stack(0x00000065d7000000,0x00000065d7100000)]
  0x000001d509aef800 JavaThread "pool-234-thread-1" [_thread_blocked, id=22468, stack(0x00000065d7100000,0x00000065d7200000)]
  0x000001d509aec800 JavaThread "pool-238-thread-1" [_thread_blocked, id=22392, stack(0x00000065d7200000,0x00000065d7300000)]
  0x000001d50ce4b000 JavaThread "pool-242-thread-1" [_thread_blocked, id=18248, stack(0x00000065d7300000,0x00000065d7400000)]
  0x000001d509aeb800 JavaThread "pool-246-thread-1" [_thread_blocked, id=4492, stack(0x00000065d7400000,0x00000065d7500000)]
  0x000001d50f1fe800 JavaThread "pool-250-thread-1" [_thread_blocked, id=19472, stack(0x00000065d7500000,0x00000065d7600000)]
  0x000001d508265800 JavaThread "ForkJoinPool.commonPool-worker-13" daemon [_thread_blocked, id=12272, stack(0x00000065d8e00000,0x00000065d8f00000)]
  0x000001d509af7000 JavaThread "pool-254-thread-1" [_thread_blocked, id=20768, stack(0x00000065d7700000,0x00000065d7800000)]
  0x000001d50cce1000 JavaThread "Daemon Thread 29" [_thread_blocked, id=3532, stack(0x00000065cf400000,0x00000065cf500000)]
  0x000001d50cce0000 JavaThread "Handler for socket connection from /127.0.0.1:51566 to /127.0.0.1:54236" [_thread_in_native, id=17288, stack(0x00000065cf600000,0x00000065cf700000)]
  0x000001d50ccdc800 JavaThread "Cancel handler" [_thread_blocked, id=3972, stack(0x00000065d1400000,0x00000065d1500000)]
  0x000001d50ccdd800 JavaThread "Daemon worker Thread 29" [_thread_blocked, id=22516, stack(0x00000065d1500000,0x00000065d1600000)]
  0x000001d50ccdf000 JavaThread "Asynchronous log dispatcher for DefaultDaemonConnection: socket connection from /127.0.0.1:51566 to /127.0.0.1:54236" [_thread_blocked, id=9568, stack(0x00000065d1600000,0x00000065d1700000)]
  0x000001d50ccde800 JavaThread "Stdin handler" [_thread_blocked, id=10560, stack(0x00000065d1700000,0x00000065d1800000)]
  0x000001d508262800 JavaThread "Daemon client event forwarder" [_thread_blocked, id=2108, stack(0x00000065d1800000,0x00000065d1900000)]
  0x000001d50825f000 JavaThread "Cache worker for file hash cache (C:\Users\LENOVO\AndroidStudioProjects\Biogram\.gradle\7.0.2\fileHashes)" [_thread_blocked, id=19784, stack(0x00000065d1900000,0x00000065d1a00000)]
  0x000001d508263000 JavaThread "Cache worker for checksums cache (C:\Users\LENOVO\AndroidStudioProjects\Biogram\.gradle\checksums)" [_thread_blocked, id=17956, stack(0x00000065d1f00000,0x00000065d2000000)]
  0x000001d508260000 JavaThread "Cache worker for cache directory md-supplier (C:\Users\LENOVO\.gradle\caches\7.0.2\md-supplier)" [_thread_blocked, id=5008, stack(0x00000065d2000000,0x00000065d2100000)]
  0x000001d508261000 JavaThread "Cache worker for cache directory md-rule (C:\Users\LENOVO\.gradle\caches\7.0.2\md-rule)" [_thread_blocked, id=2928, stack(0x00000065d2300000,0x00000065d2400000)]
  0x000001d50825d800 JavaThread "Cache worker for dependencies-accessors (C:\Users\LENOVO\AndroidStudioProjects\Biogram\.gradle\7.0.2\dependencies-accessors)" [_thread_blocked, id=2508, stack(0x00000065d2400000,0x00000065d2500000)]
  0x000001d508261800 JavaThread "Cache worker for Build Output Cleanup Cache (C:\Users\LENOVO\AndroidStudioProjects\Biogram\.gradle\buildOutputCleanup)" [_thread_blocked, id=20940, stack(0x00000065d2500000,0x00000065d2600000)]
  0x000001d508264000 JavaThread "Build operations" [_thread_in_native, id=14296, stack(0x00000065d2b00000,0x00000065d2c00000)]
  0x000001d50825e800 JavaThread "Build operations Thread 2" [_thread_blocked, id=8840, stack(0x00000065d2d00000,0x00000065d2e00000)]
  0x000001d508267800 JavaThread "Build operations Thread 3" [_thread_in_native, id=19436, stack(0x00000065d2e00000,0x00000065d2f00000)]
  0x000001d508268000 JavaThread "Build operations Thread 4" [_thread_blocked, id=15744, stack(0x00000065d2f00000,0x00000065d3000000)]
  0x000001d508269000 JavaThread "Build operations Thread 5" [_thread_in_native, id=9388, stack(0x00000065d3000000,0x00000065d3100000)]
  0x000001d50826a000 JavaThread "Build operations Thread 6" [_thread_blocked, id=16152, stack(0x00000065d3100000,0x00000065d3200000)]
  0x000001d50826a800 JavaThread "Build operations Thread 7" [_thread_blocked, id=21992, stack(0x00000065d3200000,0x00000065d3300000)]
  0x000001d508265000 JavaThread "Build operations Thread 8" [_thread_in_native, id=17908, stack(0x00000065d3300000,0x00000065d3400000)]
  0x000001d508266800 JavaThread "pool-257-thread-1" [_thread_blocked, id=1744, stack(0x00000065d7800000,0x00000065d7900000)]
  0x000001d509af3000 JavaThread "C2 CompilerThread1" daemon [_thread_blocked, id=15100, stack(0x00000065d1a00000,0x00000065d1b00000)]

Other Threads:
  0x000001d57f57e800 VMThread "VM Thread" [stack: 0x00000065cfc00000,0x00000065cfd00000] [id=17904]
  0x000001d5061ce000 WatcherThread [stack: 0x00000065d0600000,0x00000065d0700000] [id=15080]
  0x000001d56b119000 GCTaskThread "GC Thread#0" [stack: 0x00000065cf700000,0x00000065cf800000] [id=8272]
  0x000001d506c35000 GCTaskThread "GC Thread#1" [stack: 0x00000065d0900000,0x00000065d0a00000] [id=18524]
  0x000001d507393000 GCTaskThread "GC Thread#2" [stack: 0x00000065d0a00000,0x00000065d0b00000] [id=8200]
  0x000001d506fcb000 GCTaskThread "GC Thread#3" [stack: 0x00000065d0c00000,0x00000065d0d00000] [id=21600]
  0x000001d506ee5000 GCTaskThread "GC Thread#4" [stack: 0x00000065d0d00000,0x00000065d0e00000] [id=3512]
  0x000001d508407800 GCTaskThread "GC Thread#5" [stack: 0x00000065d0e00000,0x00000065d0f00000] [id=17784]
  0x000001d50772f000 GCTaskThread "GC Thread#6" [stack: 0x00000065d0f00000,0x00000065d1000000] [id=5436]
=>0x000001d5083d0000 GCTaskThread "GC Thread#7" [stack: 0x00000065d1000000,0x00000065d1100000] [id=10640]
  0x000001d56b14a800 ConcurrentGCThread "G1 Main Marker" [stack: 0x00000065cf800000,0x00000065cf900000] [id=20928]
  0x000001d56b14b800 ConcurrentGCThread "G1 Conc#0" [stack: 0x00000065cf900000,0x00000065cfa00000] [id=21768]
  0x000001d506562000 ConcurrentGCThread "G1 Conc#1" [stack: 0x00000065d1d00000,0x00000065d1e00000] [id=18496]
  0x000001d57f3d0800 ConcurrentGCThread "G1 Refine#0" [stack: 0x00000065cfa00000,0x00000065cfb00000] [id=3244]
  0x000001d506e02000 ConcurrentGCThread "G1 Refine#1" [stack: 0x00000065d1100000,0x00000065d1200000] [id=17832]
  0x000001d506e8d800 ConcurrentGCThread "G1 Refine#2" [stack: 0x00000065d1200000,0x00000065d1300000] [id=19160]
  0x000001d506e8e000 ConcurrentGCThread "G1 Refine#3" [stack: 0x00000065d1300000,0x00000065d1400000] [id=616]
  0x000001d57f3d1800 ConcurrentGCThread "G1 Young RemSet Sampling" [stack: 0x00000065cfb00000,0x00000065cfc00000] [id=8936]

Threads with active compile tasks:
C2 CompilerThread015532839 40896       4       java.lang.reflect.AccessibleObject::verifyAccess (84 bytes)

VM state:at safepoint (normal execution)

VM Mutex/Monitor currently owned by a thread:  ([mutex/lock_event])
[0x000001d56b0fcc30] Threads_lock - owner thread: 0x000001d57f57e800
[0x000001d56b0fc7b0] Heap_lock - owner thread: 0x000001d56b14a800

Heap address: 0x0000000080000000, size: 2048 MB, Compressed Oops mode: 32-bit
Narrow klass base: 0x0000000000000000, Narrow klass shift: 3
Compressed class space size: 1073741824 Address: 0x0000000100000000

Heap:
 garbage-first heap   total 230400K, used 145449K [0x0000000080000000, 0x0000000100000000)
  region size 1024K, 12 young (12288K), 3 survivors (3072K)
 Metaspace       used 161476K, capacity 166982K, committed 167372K, reserved 1196032K
  class space    used 19469K, capacity 21395K, committed 21504K, reserved 1048576K
Heap Regions: E=young(eden), S=young(survivor), O=old, HS=humongous(starts), HC=humongous(continues), CS=collection set, F=free, A=archive, TAMS=top-at-mark-start (previous, next)
|   0|0x0000000080000000, 0x0000000080100000, 0x0000000080100000|100%| O|  |TAMS 0x0000000080100000, 0x0000000080100000| Untracked 
|   1|0x0000000080100000, 0x0000000080200000, 0x0000000080200000|100%| O|  |TAMS 0x0000000080200000, 0x0000000080200000| Untracked 
|   2|0x0000000080200000, 0x0000000080300000, 0x0000000080300000|100%| O|  |TAMS 0x0000000080300000, 0x0000000080300000| Untracked 
|   3|0x0000000080300000, 0x0000000080400000, 0x0000000080400000|100%|HS|  |TAMS 0x0000000080400000, 0x0000000080400000| Complete 
|   4|0x0000000080400000, 0x0000000080500000, 0x0000000080500000|100%|HC|  |TAMS 0x0000000080500000, 0x0000000080500000| Complete 
|   5|0x0000000080500000, 0x0000000080600000, 0x0000000080600000|100%|HC|  |TAMS 0x0000000080600000, 0x0000000080600000| Complete 
|   6|0x0000000080600000, 0x0000000080700000, 0x0000000080700000|100%| O|  |TAMS 0x0000000080700000, 0x0000000080700000| Untracked 
|   7|0x0000000080700000, 0x0000000080800000, 0x0000000080800000|100%| O|  |TAMS 0x0000000080800000, 0x0000000080800000| Untracked 
|   8|0x0000000080800000, 0x0000000080900000, 0x0000000080900000|100%| O|  |TAMS 0x0000000080900000, 0x0000000080900000| Untracked 
|   9|0x0000000080900000, 0x0000000080a00000, 0x0000000080a00000|100%| O|  |TAMS 0x0000000080a00000, 0x0000000080a00000| Untracked 
|  10|0x0000000080a00000, 0x0000000080b00000, 0x0000000080b00000|100%| O|  |TAMS 0x0000000080b00000, 0x0000000080b00000| Untracked 
|  11|0x0000000080b00000, 0x0000000080c00000, 0x0000000080c00000|100%| O|  |TAMS 0x0000000080c00000, 0x0000000080c00000| Untracked 
|  12|0x0000000080c00000, 0x0000000080d00000, 0x0000000080d00000|100%| O|  |TAMS 0x0000000080d00000, 0x0000000080d00000| Untracked 
|  13|0x0000000080d00000, 0x0000000080e00000, 0x0000000080e00000|100%| O|  |TAMS 0x0000000080e00000, 0x0000000080e00000| Untracked 
|  14|0x0000000080e00000, 0x0000000080f00000, 0x0000000080f00000|100%| O|  |TAMS 0x0000000080f00000, 0x0000000080f00000| Untracked 
|  15|0x0000000080f00000, 0x0000000081000000, 0x0000000081000000|100%| O|  |TAMS 0x0000000081000000, 0x0000000081000000| Untracked 
|  16|0x0000000081000000, 0x0000000081100000, 0x0000000081100000|100%|HS|  |TAMS 0x0000000081100000, 0x0000000081100000| Complete 
|  17|0x0000000081100000, 0x0000000081200000, 0x0000000081200000|100%| O|  |TAMS 0x0000000081200000, 0x0000000081200000| Untracked 
|  18|0x0000000081200000, 0x0000000081300000, 0x0000000081300000|100%| O|  |TAMS 0x0000000081300000, 0x0000000081300000| Untracked 
|  19|0x0000000081300000, 0x0000000081400000, 0x0000000081400000|100%| O|  |TAMS 0x0000000081400000, 0x0000000081400000| Untracked 
|  20|0x0000000081400000, 0x0000000081500000, 0x0000000081500000|100%| O|  |TAMS 0x0000000081500000, 0x0000000081500000| Untracked 
|  21|0x0000000081500000, 0x0000000081600000, 0x0000000081600000|100%| O|  |TAMS 0x0000000081600000, 0x0000000081600000| Untracked 
|  22|0x0000000081600000, 0x0000000081700000, 0x0000000081700000|100%| O|  |TAMS 0x0000000081700000, 0x0000000081700000| Untracked 
|  23|0x0000000081700000, 0x0000000081800000, 0x0000000081800000|100%| O|  |TAMS 0x0000000081800000, 0x0000000081800000| Untracked 
|  24|0x0000000081800000, 0x0000000081900000, 0x0000000081900000|100%| O|  |TAMS 0x0000000081900000, 0x0000000081900000| Untracked 
|  25|0x0000000081900000, 0x0000000081a00000, 0x0000000081a00000|100%| O|  |TAMS 0x0000000081a00000, 0x0000000081a00000| Untracked 
|  26|0x0000000081a00000, 0x0000000081b00000, 0x0000000081b00000|100%| O|  |TAMS 0x0000000081b00000, 0x0000000081b00000| Untracked 
|  27|0x0000000081b00000, 0x0000000081c00000, 0x0000000081c00000|100%|HS|  |TAMS 0x0000000081c00000, 0x0000000081c00000| Complete 
|  28|0x0000000081c00000, 0x0000000081d00000, 0x0000000081d00000|100%|HS|  |TAMS 0x0000000081d00000, 0x0000000081d00000| Complete 
|  29|0x0000000081d00000, 0x0000000081e00000, 0x0000000081e00000|100%|HC|  |TAMS 0x0000000081e00000, 0x0000000081e00000| Complete 
|  30|0x0000000081e00000, 0x0000000081f00000, 0x0000000081f00000|100%| O|  |TAMS 0x0000000081f00000, 0x0000000081f00000| Untracked 
|  31|0x0000000081f00000, 0x0000000082000000, 0x0000000082000000|100%|HS|  |TAMS 0x0000000081f00000, 0x0000000081f00000| Complete 
|  32|0x0000000082000000, 0x0000000082100000, 0x0000000082100000|100%| O|  |TAMS 0x0000000082100000, 0x0000000082100000| Untracked 
|  33|0x0000000082100000, 0x0000000082200000, 0x0000000082200000|100%| O|  |TAMS 0x0000000082200000, 0x0000000082200000| Untracked 
|  34|0x0000000082200000, 0x0000000082200000, 0x0000000082300000|  0%| F|  |TAMS 0x0000000082200000, 0x0000000082200000| Untracked 
|  35|0x0000000082300000, 0x0000000082400000, 0x0000000082400000|100%| O|  |TAMS 0x0000000082400000, 0x0000000082400000| Untracked 
|  36|0x0000000082400000, 0x0000000082500000, 0x0000000082500000|100%| O|  |TAMS 0x0000000082500000, 0x0000000082500000| Untracked 
|  37|0x0000000082500000, 0x0000000082600000, 0x0000000082600000|100%| O|  |TAMS 0x0000000082600000, 0x0000000082600000| Untracked 
|  38|0x0000000082600000, 0x0000000082700000, 0x0000000082700000|100%| O|  |TAMS 0x0000000082700000, 0x0000000082700000| Untracked 
|  39|0x0000000082700000, 0x0000000082800000, 0x0000000082800000|100%| O|  |TAMS 0x0000000082800000, 0x0000000082800000| Untracked 
|  40|0x0000000082800000, 0x0000000082900000, 0x0000000082900000|100%| O|  |TAMS 0x0000000082900000, 0x0000000082900000| Untracked 
|  41|0x0000000082900000, 0x0000000082900000, 0x0000000082a00000|  0%| F|  |TAMS 0x0000000082900000, 0x0000000082900000| Untracked 
|  42|0x0000000082a00000, 0x0000000082b00000, 0x0000000082b00000|100%| O|  |TAMS 0x0000000082b00000, 0x0000000082b00000| Untracked 
|  43|0x0000000082b00000, 0x0000000082c00000, 0x0000000082c00000|100%| O|  |TAMS 0x0000000082c00000, 0x0000000082c00000| Untracked 
|  44|0x0000000082c00000, 0x0000000082d00000, 0x0000000082d00000|100%| O|  |TAMS 0x0000000082d00000, 0x0000000082d00000| Untracked 
|  45|0x0000000082d00000, 0x0000000082d00000, 0x0000000082e00000|  0%| F|  |TAMS 0x0000000082d00000, 0x0000000082d00000| Untracked 
|  46|0x0000000082e00000, 0x0000000082f00000, 0x0000000082f00000|100%| O|  |TAMS 0x0000000082e00000, 0x0000000082f00000| Untracked 
|  47|0x0000000082f00000, 0x0000000082f00000, 0x0000000083000000|  0%| F|  |TAMS 0x0000000082f00000, 0x0000000082f00000| Untracked 
|  48|0x0000000083000000, 0x0000000083100000, 0x0000000083100000|100%| O|  |TAMS 0x0000000083100000, 0x0000000083100000| Untracked 
|  49|0x0000000083100000, 0x0000000083200000, 0x0000000083200000|100%| O|  |TAMS 0x0000000083200000, 0x0000000083200000| Untracked 
|  50|0x0000000083200000, 0x0000000083200000, 0x0000000083300000|  0%| F|  |TAMS 0x0000000083200000, 0x0000000083200000| Untracked 
|  51|0x0000000083300000, 0x0000000083400000, 0x0000000083400000|100%| O|  |TAMS 0x0000000083400000, 0x0000000083400000| Untracked 
|  52|0x0000000083400000, 0x0000000083500000, 0x0000000083500000|100%| O|  |TAMS 0x0000000083500000, 0x0000000083500000| Untracked 
|  53|0x0000000083500000, 0x0000000083600000, 0x0000000083600000|100%| O|  |TAMS 0x0000000083600000, 0x0000000083600000| Untracked 
|  54|0x0000000083600000, 0x0000000083600000, 0x0000000083700000|  0%| F|  |TAMS 0x0000000083600000, 0x0000000083600000| Untracked 
|  55|0x0000000083700000, 0x0000000083700000, 0x0000000083800000|  0%| F|  |TAMS 0x0000000083700000, 0x0000000083700000| Untracked 
|  56|0x0000000083800000, 0x0000000083900000, 0x0000000083900000|100%| O|  |TAMS 0x0000000083900000, 0x0000000083900000| Untracked 
|  57|0x0000000083900000, 0x0000000083a00000, 0x0000000083a00000|100%| O|  |TAMS 0x0000000083a00000, 0x0000000083a00000| Untracked 
|  58|0x0000000083a00000, 0x0000000083b00000, 0x0000000083b00000|100%| O|  |TAMS 0x0000000083a00000, 0x0000000083b00000| Untracked 
|  59|0x0000000083b00000, 0x0000000083c00000, 0x0000000083c00000|100%| O|  |TAMS 0x0000000083c00000, 0x0000000083c00000| Untracked 
|  60|0x0000000083c00000, 0x0000000083d00000, 0x0000000083d00000|100%| O|  |TAMS 0x0000000083d00000, 0x0000000083d00000| Untracked 
|  61|0x0000000083d00000, 0x0000000083e00000, 0x0000000083e00000|100%| O|  |TAMS 0x0000000083e00000, 0x0000000083e00000| Untracked 
|  62|0x0000000083e00000, 0x0000000083f00000, 0x0000000083f00000|100%| O|  |TAMS 0x0000000083f00000, 0x0000000083f00000| Untracked 
|  63|0x0000000083f00000, 0x0000000084000000, 0x0000000084000000|100%| O|  |TAMS 0x0000000084000000, 0x0000000084000000| Untracked 
|  64|0x0000000084000000, 0x0000000084100000, 0x0000000084100000|100%| O|  |TAMS 0x0000000084100000, 0x0000000084100000| Untracked 
|  65|0x0000000084100000, 0x0000000084200000, 0x0000000084200000|100%|HS|  |TAMS 0x0000000084200000, 0x0000000084200000| Complete 
|  66|0x0000000084200000, 0x0000000084300000, 0x0000000084300000|100%|HC|  |TAMS 0x0000000084300000, 0x0000000084300000| Complete 
|  67|0x0000000084300000, 0x0000000084400000, 0x0000000084400000|100%|HC|  |TAMS 0x0000000084400000, 0x0000000084400000| Complete 
|  68|0x0000000084400000, 0x0000000084500000, 0x0000000084500000|100%| O|  |TAMS 0x0000000084500000, 0x0000000084500000| Untracked 
|  69|0x0000000084500000, 0x0000000084600000, 0x0000000084600000|100%| O|  |TAMS 0x0000000084600000, 0x0000000084600000| Untracked 
|  70|0x0000000084600000, 0x0000000084700000, 0x0000000084700000|100%| O|  |TAMS 0x0000000084700000, 0x0000000084700000| Untracked 
|  71|0x0000000084700000, 0x0000000084800000, 0x0000000084800000|100%| O|  |TAMS 0x0000000084800000, 0x0000000084800000| Untracked 
|  72|0x0000000084800000, 0x0000000084900000, 0x0000000084900000|100%| O|  |TAMS 0x0000000084900000, 0x0000000084900000| Untracked 
|  73|0x0000000084900000, 0x0000000084a00000, 0x0000000084a00000|100%| O|  |TAMS 0x0000000084a00000, 0x0000000084a00000| Untracked 
|  74|0x0000000084a00000, 0x0000000084b00000, 0x0000000084b00000|100%| O|  |TAMS 0x0000000084b00000, 0x0000000084b00000| Untracked 
|  75|0x0000000084b00000, 0x0000000084c00000, 0x0000000084c00000|100%| O|  |TAMS 0x0000000084c00000, 0x0000000084c00000| Untracked 
|  76|0x0000000084c00000, 0x0000000084d00000, 0x0000000084d00000|100%| O|  |TAMS 0x0000000084c00000, 0x0000000084d00000| Untracked 
|  77|0x0000000084d00000, 0x0000000084d00000, 0x0000000084e00000|  0%| F|  |TAMS 0x0000000084d00000, 0x0000000084d00000| Untracked 
|  78|0x0000000084e00000, 0x0000000084f00000, 0x0000000084f00000|100%| O|  |TAMS 0x0000000084f00000, 0x0000000084f00000| Untracked 
|  79|0x0000000084f00000, 0x0000000085000000, 0x0000000085000000|100%| O|  |TAMS 0x0000000085000000, 0x0000000085000000| Untracked 
|  80|0x0000000085000000, 0x0000000085000000, 0x0000000085100000|  0%| F|  |TAMS 0x0000000085000000, 0x0000000085000000| Untracked 
|  81|0x0000000085100000, 0x0000000085200000, 0x0000000085200000|100%| O|  |TAMS 0x0000000085200000, 0x0000000085200000| Untracked 
|  82|0x0000000085200000, 0x0000000085300000, 0x0000000085300000|100%| O|  |TAMS 0x0000000085300000, 0x0000000085300000| Untracked 
|  83|0x0000000085300000, 0x0000000085400000, 0x0000000085400000|100%| O|  |TAMS 0x0000000085400000, 0x0000000085400000| Untracked 
|  84|0x0000000085400000, 0x0000000085500000, 0x0000000085500000|100%| O|  |TAMS 0x0000000085500000, 0x0000000085500000| Untracked 
|  85|0x0000000085500000, 0x0000000085600000, 0x0000000085600000|100%| O|  |TAMS 0x0000000085600000, 0x0000000085600000| Untracked 
|  86|0x0000000085600000, 0x0000000085700000, 0x0000000085700000|100%| O|  |TAMS 0x0000000085700000, 0x0000000085700000| Untracked 
|  87|0x0000000085700000, 0x0000000085700000, 0x0000000085800000|  0%| F|  |TAMS 0x0000000085700000, 0x0000000085700000| Untracked 
|  88|0x0000000085800000, 0x0000000085900000, 0x0000000085900000|100%| O|  |TAMS 0x0000000085900000, 0x0000000085900000| Untracked 
|  89|0x0000000085900000, 0x0000000085a00000, 0x0000000085a00000|100%| O|  |TAMS 0x0000000085a00000, 0x0000000085a00000| Untracked 
|  90|0x0000000085a00000, 0x0000000085b00000, 0x0000000085b00000|100%| O|  |TAMS 0x0000000085b00000, 0x0000000085b00000| Untracked 
|  91|0x0000000085b00000, 0x0000000085c00000, 0x0000000085c00000|100%| O|  |TAMS 0x0000000085c00000, 0x0000000085c00000| Untracked 
|  92|0x0000000085c00000, 0x0000000085c00000, 0x0000000085d00000|  0%| F|  |TAMS 0x0000000085c00000, 0x0000000085c00000| Untracked 
|  93|0x0000000085d00000, 0x0000000085e00000, 0x0000000085e00000|100%| O|  |TAMS 0x0000000085e00000, 0x0000000085e00000| Untracked 
|  94|0x0000000085e00000, 0x0000000085f00000, 0x0000000085f00000|100%| O|  |TAMS 0x0000000085f00000, 0x0000000085f00000| Untracked 
|  95|0x0000000085f00000, 0x0000000085f00000, 0x0000000086000000|  0%| F|  |TAMS 0x0000000085f00000, 0x0000000085f00000| Untracked 
|  96|0x0000000086000000, 0x0000000086100000, 0x0000000086100000|100%|HS|  |TAMS 0x0000000086100000, 0x0000000086100000| Complete 
|  97|0x0000000086100000, 0x0000000086200000, 0x0000000086200000|100%|HC|  |TAMS 0x0000000086200000, 0x0000000086200000| Complete 
|  98|0x0000000086200000, 0x0000000086300000, 0x0000000086300000|100%|HS|  |TAMS 0x0000000086300000, 0x0000000086300000| Complete 
|  99|0x0000000086300000, 0x0000000086400000, 0x0000000086400000|100%|HC|  |TAMS 0x0000000086400000, 0x0000000086400000| Complete 
| 100|0x0000000086400000, 0x0000000086500000, 0x0000000086500000|100%|HC|  |TAMS 0x0000000086500000, 0x0000000086500000| Complete 
| 101|0x0000000086500000, 0x0000000086600000, 0x0000000086600000|100%| O|  |TAMS 0x0000000086600000, 0x0000000086600000| Untracked 
| 102|0x0000000086600000, 0x0000000086700000, 0x0000000086700000|100%| O|  |TAMS 0x0000000086700000, 0x0000000086700000| Untracked 
| 103|0x0000000086700000, 0x0000000086800000, 0x0000000086800000|100%| O|  |TAMS 0x0000000086800000, 0x0000000086800000| Untracked 
| 104|0x0000000086800000, 0x0000000086900000, 0x0000000086900000|100%| O|  |TAMS 0x0000000086900000, 0x0000000086900000| Untracked 
| 105|0x0000000086900000, 0x0000000086a00000, 0x0000000086a00000|100%| O|  |TAMS 0x0000000086a00000, 0x0000000086a00000| Untracked 
| 106|0x0000000086a00000, 0x0000000086a00000, 0x0000000086b00000|  0%| F|  |TAMS 0x0000000086a00000, 0x0000000086a00000| Untracked 
| 107|0x0000000086b00000, 0x0000000086c00000, 0x0000000086c00000|100%| O|  |TAMS 0x0000000086c00000, 0x0000000086c00000| Untracked 
| 108|0x0000000086c00000, 0x0000000086c00000, 0x0000000086d00000|  0%| F|  |TAMS 0x0000000086c00000, 0x0000000086c00000| Untracked 
| 109|0x0000000086d00000, 0x0000000086e00000, 0x0000000086e00000|100%| O|  |TAMS 0x0000000086e00000, 0x0000000086e00000| Untracked 
| 110|0x0000000086e00000, 0x0000000086e00000, 0x0000000086f00000|  0%| F|  |TAMS 0x0000000086e00000, 0x0000000086e00000| Untracked 
| 111|0x0000000086f00000, 0x0000000087000000, 0x0000000087000000|100%| O|  |TAMS 0x0000000087000000, 0x0000000087000000| Untracked 
| 112|0x0000000087000000, 0x0000000087000000, 0x0000000087100000|  0%| F|  |TAMS 0x0000000087000000, 0x0000000087000000| Untracked 
| 113|0x0000000087100000, 0x0000000087200000, 0x0000000087200000|100%| O|  |TAMS 0x0000000087200000, 0x0000000087200000| Untracked 
| 114|0x0000000087200000, 0x0000000087300000, 0x0000000087300000|100%| O|  |TAMS 0x0000000087300000, 0x0000000087300000| Untracked 
| 115|0x0000000087300000, 0x0000000087400000, 0x0000000087400000|100%| O|  |TAMS 0x0000000087300000, 0x0000000087400000| Untracked 
| 116|0x0000000087400000, 0x0000000087500000, 0x0000000087500000|100%| O|  |TAMS 0x0000000087500000, 0x0000000087500000| Untracked 
| 117|0x0000000087500000, 0x0000000087600000, 0x0000000087600000|100%| O|  |TAMS 0x0000000087600000, 0x0000000087600000| Untracked 
| 118|0x0000000087600000, 0x0000000087700000, 0x0000000087700000|100%|HS|  |TAMS 0x0000000087700000, 0x0000000087700000| Complete 
| 119|0x0000000087700000, 0x0000000087800000, 0x0000000087800000|100%|HC|  |TAMS 0x0000000087800000, 0x0000000087800000| Complete 
| 120|0x0000000087800000, 0x0000000087900000, 0x0000000087900000|100%|HC|  |TAMS 0x0000000087900000, 0x0000000087900000| Complete 
| 121|0x0000000087900000, 0x0000000087a00000, 0x0000000087a00000|100%|HC|  |TAMS 0x0000000087a00000, 0x0000000087a00000| Complete 
| 122|0x0000000087a00000, 0x0000000087b00000, 0x0000000087b00000|100%|HC|  |TAMS 0x0000000087b00000, 0x0000000087b00000| Complete 
| 123|0x0000000087b00000, 0x0000000087c00000, 0x0000000087c00000|100%| O|  |TAMS 0x0000000087b00000, 0x0000000087c00000| Untracked 
| 124|0x0000000087c00000, 0x0000000087d00000, 0x0000000087d00000|100%| O|  |TAMS 0x0000000087d00000, 0x0000000087d00000| Untracked 
| 125|0x0000000087d00000, 0x0000000087d00000, 0x0000000087e00000|  0%| F|  |TAMS 0x0000000087d00000, 0x0000000087d00000| Untracked 
| 126|0x0000000087e00000, 0x0000000087f00000, 0x0000000087f00000|100%| O|  |TAMS 0x0000000087f00000, 0x0000000087f00000| Untracked 
| 127|0x0000000087f00000, 0x0000000088000000, 0x0000000088000000|100%| O|  |TAMS 0x0000000088000000, 0x0000000088000000| Untracked 
| 128|0x0000000088000000, 0x0000000088100000, 0x0000000088100000|100%| O|  |TAMS 0x0000000088100000, 0x0000000088100000| Untracked 
| 129|0x0000000088100000, 0x0000000088200000, 0x0000000088200000|100%| O|  |TAMS 0x0000000088200000, 0x0000000088200000| Untracked 
| 130|0x0000000088200000, 0x0000000088300000, 0x0000000088300000|100%| O|  |TAMS 0x0000000088300000, 0x0000000088300000| Untracked 
| 131|0x0000000088300000, 0x0000000088400000, 0x0000000088400000|100%|HS|  |TAMS 0x0000000088400000, 0x0000000088400000| Complete 
| 132|0x0000000088400000, 0x0000000088500000, 0x0000000088500000|100%|HC|  |TAMS 0x0000000088500000, 0x0000000088500000| Complete 
| 133|0x0000000088500000, 0x0000000088600000, 0x0000000088600000|100%|HC|  |TAMS 0x0000000088600000, 0x0000000088600000| Complete 
| 134|0x0000000088600000, 0x0000000088700000, 0x0000000088700000|100%|HC|  |TAMS 0x0000000088700000, 0x0000000088700000| Complete 
| 135|0x0000000088700000, 0x0000000088800000, 0x0000000088800000|100%|HC|  |TAMS 0x0000000088800000, 0x0000000088800000| Complete 
| 136|0x0000000088800000, 0x0000000088900000, 0x0000000088900000|100%| O|  |TAMS 0x0000000088900000, 0x0000000088900000| Untracked 
| 137|0x0000000088900000, 0x0000000088a00000, 0x0000000088a00000|100%| O|  |TAMS 0x00000000889c2800, 0x0000000088a00000| Untracked 
| 138|0x0000000088a00000, 0x0000000088b00000, 0x0000000088b00000|100%| O|  |TAMS 0x0000000088a00000, 0x0000000088b00000| Untracked 
| 139|0x0000000088b00000, 0x0000000088c00000, 0x0000000088c00000|100%| O|  |TAMS 0x0000000088b00000, 0x0000000088c00000| Untracked 
| 140|0x0000000088c00000, 0x0000000088d00000, 0x0000000088d00000|100%| O|  |TAMS 0x0000000088c00000, 0x0000000088d00000| Untracked 
| 141|0x0000000088d00000, 0x0000000088e00000, 0x0000000088e00000|100%| O|  |TAMS 0x0000000088d00000, 0x0000000088e00000| Untracked 
| 142|0x0000000088e00000, 0x0000000088f00000, 0x0000000088f00000|100%| O|  |TAMS 0x0000000088e00000, 0x0000000088f00000| Untracked 
| 143|0x0000000088f00000, 0x0000000089000000, 0x0000000089000000|100%| O|  |TAMS 0x0000000088f00000, 0x0000000089000000| Untracked 
| 144|0x0000000089000000, 0x0000000089100000, 0x0000000089100000|100%| O|  |TAMS 0x0000000089000000, 0x0000000089100000| Untracked 
| 145|0x0000000089100000, 0x0000000089200000, 0x0000000089200000|100%| O|  |TAMS 0x0000000089100000, 0x0000000089200000| Untracked 
| 146|0x0000000089200000, 0x0000000089300000, 0x0000000089300000|100%| O|  |TAMS 0x0000000089200000, 0x0000000089300000| Untracked 
| 147|0x0000000089300000, 0x0000000089400000, 0x0000000089400000|100%| O|  |TAMS 0x0000000089300000, 0x0000000089400000| Untracked 
| 148|0x0000000089400000, 0x0000000089500000, 0x0000000089500000|100%| O|  |TAMS 0x0000000089400000, 0x0000000089500000| Untracked 
| 149|0x0000000089500000, 0x0000000089579000, 0x0000000089600000| 47%| O|  |TAMS 0x0000000089500000, 0x0000000089579000| Untracked 
| 150|0x0000000089600000, 0x0000000089600000, 0x0000000089700000|  0%| F|  |TAMS 0x0000000089600000, 0x0000000089600000| Untracked 
| 151|0x0000000089700000, 0x0000000089700000, 0x0000000089800000|  0%| F|  |TAMS 0x0000000089700000, 0x0000000089700000| Untracked 
| 152|0x0000000089800000, 0x0000000089800000, 0x0000000089900000|  0%| F|  |TAMS 0x0000000089800000, 0x0000000089800000| Untracked 
| 153|0x0000000089900000, 0x0000000089900000, 0x0000000089a00000|  0%| F|  |TAMS 0x0000000089900000, 0x0000000089900000| Untracked 
| 154|0x0000000089a00000, 0x0000000089a00000, 0x0000000089b00000|  0%| F|  |TAMS 0x0000000089a00000, 0x0000000089a00000| Untracked 
| 155|0x0000000089b00000, 0x0000000089b00000, 0x0000000089c00000|  0%| F|  |TAMS 0x0000000089b00000, 0x0000000089b00000| Untracked 
| 156|0x0000000089c00000, 0x0000000089c00000, 0x0000000089d00000|  0%| F|  |TAMS 0x0000000089c00000, 0x0000000089c00000| Untracked 
| 157|0x0000000089d00000, 0x0000000089d00000, 0x0000000089e00000|  0%| F|  |TAMS 0x0000000089d00000, 0x0000000089d00000| Untracked 
| 158|0x0000000089e00000, 0x0000000089e00000, 0x0000000089f00000|  0%| F|  |TAMS 0x0000000089e00000, 0x0000000089e00000| Untracked 
| 159|0x0000000089f00000, 0x0000000089f00000, 0x000000008a000000|  0%| F|  |TAMS 0x0000000089f00000, 0x0000000089f00000| Untracked 
| 160|0x000000008a000000, 0x000000008a000000, 0x000000008a100000|  0%| F|  |TAMS 0x000000008a000000, 0x000000008a000000| Untracked 
| 161|0x000000008a100000, 0x000000008a100000, 0x000000008a200000|  0%| F|  |TAMS 0x000000008a100000, 0x000000008a100000| Untracked 
| 162|0x000000008a200000, 0x000000008a200000, 0x000000008a300000|  0%| F|  |TAMS 0x000000008a200000, 0x000000008a200000| Untracked 
| 163|0x000000008a300000, 0x000000008a300000, 0x000000008a400000|  0%| F|  |TAMS 0x000000008a300000, 0x000000008a300000| Untracked 
| 164|0x000000008a400000, 0x000000008a400000, 0x000000008a500000|  0%| F|  |TAMS 0x000000008a400000, 0x000000008a400000| Untracked 
| 165|0x000000008a500000, 0x000000008a500000, 0x000000008a600000|  0%| F|  |TAMS 0x000000008a500000, 0x000000008a500000| Untracked 
| 166|0x000000008a600000, 0x000000008a600000, 0x000000008a700000|  0%| F|  |TAMS 0x000000008a600000, 0x000000008a600000| Untracked 
| 167|0x000000008a700000, 0x000000008a700000, 0x000000008a800000|  0%| F|  |TAMS 0x000000008a700000, 0x000000008a700000| Untracked 
| 168|0x000000008a800000, 0x000000008a800000, 0x000000008a900000|  0%| F|  |TAMS 0x000000008a800000, 0x000000008a800000| Untracked 
| 169|0x000000008a900000, 0x000000008a900000, 0x000000008aa00000|  0%| F|  |TAMS 0x000000008a900000, 0x000000008a900000| Untracked 
| 170|0x000000008aa00000, 0x000000008aa00000, 0x000000008ab00000|  0%| F|  |TAMS 0x000000008aa00000, 0x000000008aa00000| Untracked 
| 171|0x000000008ab00000, 0x000000008ab00000, 0x000000008ac00000|  0%| F|  |TAMS 0x000000008ab00000, 0x000000008ab00000| Untracked 
| 172|0x000000008ac00000, 0x000000008ac00000, 0x000000008ad00000|  0%| F|  |TAMS 0x000000008ac00000, 0x000000008ac00000| Untracked 
| 173|0x000000008ad00000, 0x000000008ad00000, 0x000000008ae00000|  0%| F|  |TAMS 0x000000008ad00000, 0x000000008ad00000| Untracked 
| 174|0x000000008ae00000, 0x000000008ae00000, 0x000000008af00000|  0%| F|  |TAMS 0x000000008ae00000, 0x000000008ae00000| Untracked 
| 175|0x000000008af00000, 0x000000008af00000, 0x000000008b000000|  0%| F|  |TAMS 0x000000008af00000, 0x000000008af00000| Untracked 
| 176|0x000000008b000000, 0x000000008b000000, 0x000000008b100000|  0%| F|  |TAMS 0x000000008b000000, 0x000000008b000000| Untracked 
| 177|0x000000008b100000, 0x000000008b100000, 0x000000008b200000|  0%| F|  |TAMS 0x000000008b100000, 0x000000008b100000| Untracked 
| 178|0x000000008b200000, 0x000000008b200000, 0x000000008b300000|  0%| F|  |TAMS 0x000000008b200000, 0x000000008b200000| Untracked 
| 179|0x000000008b300000, 0x000000008b300000, 0x000000008b400000|  0%| F|  |TAMS 0x000000008b300000, 0x000000008b300000| Untracked 
| 180|0x000000008b400000, 0x000000008b400000, 0x000000008b500000|  0%| F|  |TAMS 0x000000008b400000, 0x000000008b400000| Untracked 
| 181|0x000000008b500000, 0x000000008b500000, 0x000000008b600000|  0%| F|  |TAMS 0x000000008b500000, 0x000000008b500000| Untracked 
| 182|0x000000008b600000, 0x000000008b600000, 0x000000008b700000|  0%| F|  |TAMS 0x000000008b600000, 0x000000008b600000| Untracked 
| 183|0x000000008b700000, 0x000000008b700000, 0x000000008b800000|  0%| F|  |TAMS 0x000000008b700000, 0x000000008b700000| Untracked 
| 184|0x000000008b800000, 0x000000008b800000, 0x000000008b900000|  0%| F|  |TAMS 0x000000008b800000, 0x000000008b800000| Untracked 
| 185|0x000000008b900000, 0x000000008b900000, 0x000000008ba00000|  0%| F|  |TAMS 0x000000008b900000, 0x000000008b900000| Untracked 
| 186|0x000000008ba00000, 0x000000008ba00000, 0x000000008bb00000|  0%| F|  |TAMS 0x000000008ba00000, 0x000000008ba00000| Untracked 
| 187|0x000000008bb00000, 0x000000008bb00000, 0x000000008bc00000|  0%| F|  |TAMS 0x000000008bb00000, 0x000000008bb00000| Untracked 
| 188|0x000000008bc00000, 0x000000008bc00000, 0x000000008bd00000|  0%| F|  |TAMS 0x000000008bc00000, 0x000000008bc00000| Untracked 
| 189|0x000000008bd00000, 0x000000008bd00000, 0x000000008be00000|  0%| F|  |TAMS 0x000000008bd00000, 0x000000008bd00000| Untracked 
| 190|0x000000008be00000, 0x000000008be00000, 0x000000008bf00000|  0%| F|  |TAMS 0x000000008be00000, 0x000000008be00000| Untracked 
| 191|0x000000008bf00000, 0x000000008bf00000, 0x000000008c000000|  0%| F|  |TAMS 0x000000008bf00000, 0x000000008bf00000| Untracked 
| 192|0x000000008c000000, 0x000000008c000000, 0x000000008c100000|  0%| F|  |TAMS 0x000000008c000000, 0x000000008c000000| Untracked 
| 193|0x000000008c100000, 0x000000008c100000, 0x000000008c200000|  0%| F|  |TAMS 0x000000008c100000, 0x000000008c100000| Untracked 
| 194|0x000000008c200000, 0x000000008c200000, 0x000000008c300000|  0%| F|  |TAMS 0x000000008c200000, 0x000000008c200000| Untracked 
| 195|0x000000008c300000, 0x000000008c300000, 0x000000008c400000|  0%| F|  |TAMS 0x000000008c300000, 0x000000008c300000| Untracked 
| 196|0x000000008c400000, 0x000000008c400000, 0x000000008c500000|  0%| F|  |TAMS 0x000000008c400000, 0x000000008c400000| Untracked 
| 197|0x000000008c500000, 0x000000008c500000, 0x000000008c600000|  0%| F|  |TAMS 0x000000008c500000, 0x000000008c500000| Untracked 
| 198|0x000000008c600000, 0x000000008c600000, 0x000000008c700000|  0%| F|  |TAMS 0x000000008c600000, 0x000000008c600000| Untracked 
| 199|0x000000008c700000, 0x000000008c700000, 0x000000008c800000|  0%| F|  |TAMS 0x000000008c700000, 0x000000008c700000| Untracked 
| 200|0x000000008c800000, 0x000000008c800000, 0x000000008c900000|  0%| F|  |TAMS 0x000000008c800000, 0x000000008c800000| Untracked 
| 201|0x000000008c900000, 0x000000008c991520, 0x000000008ca00000| 56%| S|CS|TAMS 0x000000008c900000, 0x000000008c900000| Complete 
| 202|0x000000008ca00000, 0x000000008cb00000, 0x000000008cb00000|100%| S|CS|TAMS 0x000000008ca00000, 0x000000008ca00000| Complete 
| 203|0x000000008cb00000, 0x000000008cc00000, 0x000000008cc00000|100%| S|CS|TAMS 0x000000008cb00000, 0x000000008cb00000| Complete 
| 204|0x000000008cc00000, 0x000000008cc00000, 0x000000008cd00000|  0%| F|  |TAMS 0x000000008cc00000, 0x000000008cc00000| Untracked 
| 205|0x000000008cd00000, 0x000000008cd00000, 0x000000008ce00000|  0%| F|  |TAMS 0x000000008cd00000, 0x000000008cd00000| Untracked 
| 206|0x000000008ce00000, 0x000000008ce00000, 0x000000008cf00000|  0%| F|  |TAMS 0x000000008ce00000, 0x000000008ce00000| Untracked 
| 207|0x000000008cf00000, 0x000000008cf00000, 0x000000008d000000|  0%| F|  |TAMS 0x000000008cf00000, 0x000000008cf00000| Untracked 
| 208|0x000000008d000000, 0x000000008d000000, 0x000000008d100000|  0%| F|  |TAMS 0x000000008d000000, 0x000000008d000000| Untracked 
| 209|0x000000008d100000, 0x000000008d100000, 0x000000008d200000|  0%| F|  |TAMS 0x000000008d100000, 0x000000008d100000| Untracked 
| 210|0x000000008d200000, 0x000000008d200000, 0x000000008d300000|  0%| F|  |TAMS 0x000000008d200000, 0x000000008d200000| Untracked 
| 211|0x000000008d300000, 0x000000008d300000, 0x000000008d400000|  0%| F|  |TAMS 0x000000008d300000, 0x000000008d300000| Untracked 
| 212|0x000000008d400000, 0x000000008d400000, 0x000000008d500000|  0%| F|  |TAMS 0x000000008d400000, 0x000000008d400000| Untracked 
| 213|0x000000008d500000, 0x000000008d500000, 0x000000008d600000|  0%| F|  |TAMS 0x000000008d500000, 0x000000008d500000| Untracked 
| 214|0x000000008d600000, 0x000000008d600000, 0x000000008d700000|  0%| F|  |TAMS 0x000000008d600000, 0x000000008d600000| Untracked 
| 215|0x000000008d700000, 0x000000008d700000, 0x000000008d800000|  0%| F|  |TAMS 0x000000008d700000, 0x000000008d700000| Untracked 
| 216|0x000000008d800000, 0x000000008d8b5898, 0x000000008d900000| 70%| E|  |TAMS 0x000000008d800000, 0x000000008d800000| Complete 
| 217|0x000000008d900000, 0x000000008da00000, 0x000000008da00000|100%| E|CS|TAMS 0x000000008d900000, 0x000000008d900000| Complete 
| 218|0x000000008da00000, 0x000000008db00000, 0x000000008db00000|100%| E|  |TAMS 0x000000008da00000, 0x000000008da00000| Complete 
| 219|0x000000008db00000, 0x000000008dc00000, 0x000000008dc00000|100%| E|CS|TAMS 0x000000008db00000, 0x000000008db00000| Complete 
| 220|0x000000008dc00000, 0x000000008dd00000, 0x000000008dd00000|100%| E|CS|TAMS 0x000000008dc00000, 0x000000008dc00000| Complete 
| 221|0x000000008dd00000, 0x000000008de00000, 0x000000008de00000|100%| E|CS|TAMS 0x000000008dd00000, 0x000000008dd00000| Complete 
| 222|0x000000008de00000, 0x000000008df00000, 0x000000008df00000|100%| E|CS|TAMS 0x000000008de00000, 0x000000008de00000| Complete 
| 223|0x000000008df00000, 0x000000008e000000, 0x000000008e000000|100%| E|CS|TAMS 0x000000008df00000, 0x000000008df00000| Complete 
| 224|0x000000008e000000, 0x000000008e100000, 0x000000008e100000|100%| E|CS|TAMS 0x000000008e000000, 0x000000008e000000| Complete 

Card table byte_map: [0x000001d57e330000,0x000001d57e730000] _byte_map_base: 0x000001d57df30000

Marking Bits (Prev, Next): (CMBitMap*) 0x000001d56b1417e0, (CMBitMap*) 0x000001d56b1417a8
 Prev Bits: [0x000001d502000000, 0x000001d504000000)
 Next Bits: [0x000001d500000000, 0x000001d502000000)

Polling page: 0x000001d56a8e0000

Metaspace:

Usage:
  Non-class:    142.17 MB capacity,   138.68 MB ( 98%) used,     2.90 MB (  2%) free+waste,   615.25 KB ( <1%) overhead. 
      Class:     20.89 MB capacity,    19.01 MB ( 91%) used,     1.62 MB (  8%) free+waste,   264.94 KB (  1%) overhead. 
       Both:    163.07 MB capacity,   157.69 MB ( 97%) used,     4.52 MB (  3%) free+waste,   880.19 KB ( <1%) overhead. 

Virtual space:
  Non-class space:      144.00 MB reserved,     142.45 MB ( 99%) committed 
      Class space:        1.00 GB reserved,      21.00 MB (  2%) committed 
             Both:        1.14 GB reserved,     163.45 MB ( 14%) committed 

Chunk freelists:
   Non-Class:  153.00 KB
       Class:  13.00 KB
        Both:  166.00 KB

MaxMetaspaceSize: 17179869184.00 GB
CompressedClassSpaceSize: 1.00 GB

CodeHeap 'non-profiled nmethods': size=120000Kb used=35866Kb max_used=35866Kb free=84133Kb
 bounds [0x000001d5766c0000, 0x000001d5789d0000, 0x000001d57dbf0000]
CodeHeap 'profiled nmethods': size=120000Kb used=66987Kb max_used=66987Kb free=53012Kb
 bounds [0x000001d56f190000, 0x000001d573360000, 0x000001d5766c0000]
CodeHeap 'non-nmethods': size=5760Kb used=2413Kb max_used=2474Kb free=3346Kb
 bounds [0x000001d56ebf0000, 0x000001d56ee70000, 0x000001d56f190000]
 total_blobs=32614 nmethods=31566 adapters=955
 compilation: enabled
              stopped_count=0, restarted_count=0
 full_count=0

Compilation events (20 events):
Event: 15532.760 Thread 0x000001d50604c000 40914       3       org.gradle.internal.resource.cached.AbstractCachedIndex::lambda$lookup$0 (50 bytes)
Event: 15532.760 Thread 0x000001d50604c000 nmethod 40914 0x000001d573358b10 code [0x000001d573358d80, 0x000001d573359978]
Event: 15532.760 Thread 0x000001d50604c000 40913       3       javax.crypto.Cipher::checkCipherState (51 bytes)
Event: 15532.761 Thread 0x000001d50604c000 nmethod 40913 0x000001d573359c90 code [0x000001d573359e80, 0x000001d57335a298]
Event: 15532.761 Thread 0x000001d50604c000 40915       1       org.gradle.api.specs.Specs$2::isSatisfiedBy (2 bytes)
Event: 15532.761 Thread 0x000001d50604c000 nmethod 40915 0x000001d5789ccc10 code [0x000001d5789ccdc0, 0x000001d5789cce78]
Event: 15532.764 Thread 0x000001d50604c000 40916       3       java.math.BigDecimal::signum (29 bytes)
Event: 15532.765 Thread 0x000001d50604c000 nmethod 40916 0x000001d57335a390 code [0x000001d57335a540, 0x000001d57335a758]
Event: 15532.768 Thread 0x000001d50604c000 40917       3       com.sun.crypto.provider.GHASH::reset (15 bytes)
Event: 15532.768 Thread 0x000001d50604c000 nmethod 40917 0x000001d572fb5810 code [0x000001d572fb59c0, 0x000001d572fb5b38]
Event: 15532.770 Thread 0x000001d50604c000 40918       3       com.sun.crypto.provider.GCTR::<init> (65 bytes)
Event: 15532.770 Thread 0x000001d50604c000 nmethod 40918 0x000001d57335a810 code [0x000001d57335aae0, 0x000001d57335b7a8]
Event: 15532.771 Thread 0x000001d50604c000 40919       3       com.sun.crypto.provider.GCTR::blocksUntilRollover (44 bytes)
Event: 15532.771 Thread 0x000001d50604c000 nmethod 40919 0x000001d57335bc10 code [0x000001d57335be40, 0x000001d57335c4c8]
Event: 15532.777 Thread 0x000001d50604c000 40920       3       com.sun.crypto.provider.CounterMode::encrypt (12 bytes)
Event: 15532.778 Thread 0x000001d50604c000 nmethod 40920 0x000001d57335c810 code [0x000001d57335ca20, 0x000001d57335cf48]
Event: 15532.778 Thread 0x000001d50604c000 40921       3       com.sun.crypto.provider.CounterMode::crypt (32 bytes)
Event: 15532.778 Thread 0x000001d50604c000 nmethod 40921 0x000001d57335d210 code [0x000001d57335d420, 0x000001d57335d8e8]
Event: 15532.784 Thread 0x000001d50604c000 40922       3       com.sun.crypto.provider.CipherCore::checkReinit (18 bytes)
Event: 15532.785 Thread 0x000001d50604c000 nmethod 40922 0x000001d57335db10 code [0x000001d57335dce0, 0x000001d57335dee8]

GC Heap History (20 events):
Event: 13870.138 GC heap before
{Heap before GC invocations=522 (full 0):
 garbage-first heap   total 230400K, used 173343K [0x0000000080000000, 0x0000000100000000)
  region size 1024K, 50 young (51200K), 5 survivors (5120K)
 Metaspace       used 145883K, capacity 151128K, committed 151372K, reserved 1181696K
  class space    used 17421K, capacity 19296K, committed 19328K, reserved 1048576K
}
Event: 13870.146 GC heap after
{Heap after GC invocations=523 (full 0):
 garbage-first heap   total 230400K, used 131066K [0x0000000080000000, 0x0000000100000000)
  region size 1024K, 6 young (6144K), 6 survivors (6144K)
 Metaspace       used 145883K, capacity 151128K, committed 151372K, reserved 1181696K
  class space    used 17421K, capacity 19296K, committed 19328K, reserved 1048576K
}
Event: 13870.667 GC heap before
{Heap before GC invocations=524 (full 0):
 garbage-first heap   total 230400K, used 178170K [0x0000000080000000, 0x0000000100000000)
  region size 1024K, 52 young (53248K), 6 survivors (6144K)
 Metaspace       used 148271K, capacity 153657K, committed 153804K, reserved 1183744K
  class space    used 17761K, capacity 19663K, committed 19712K, reserved 1048576K
}
Event: 13870.675 GC heap after
{Heap after GC invocations=525 (full 0):
 garbage-first heap   total 230400K, used 133983K [0x0000000080000000, 0x0000000100000000)
  region size 1024K, 6 young (6144K), 6 survivors (6144K)
 Metaspace       used 148271K, capacity 153657K, committed 153804K, reserved 1183744K
  class space    used 17761K, capacity 19663K, committed 19712K, reserved 1048576K
}
Event: 13870.726 GC heap before
{Heap before GC invocations=525 (full 0):
 garbage-first heap   total 230400K, used 139103K [0x0000000080000000, 0x0000000100000000)
  region size 1024K, 11 young (11264K), 6 survivors (6144K)
 Metaspace       used 148765K, capacity 154105K, committed 154444K, reserved 1183744K
  class space    used 17828K, capacity 19727K, committed 19840K, reserved 1048576K
}
Event: 13870.736 GC heap after
{Heap after GC invocations=526 (full 0):
 garbage-first heap   total 230400K, used 134122K [0x0000000080000000, 0x0000000100000000)
  region size 1024K, 1 young (1024K), 1 survivors (1024K)
 Metaspace       used 148765K, capacity 154105K, committed 154444K, reserved 1183744K
  class space    used 17828K, capacity 19727K, committed 19840K, reserved 1048576K
}
Event: 15257.888 GC heap before
{Heap before GC invocations=526 (full 0):
 garbage-first heap   total 230400K, used 182250K [0x0000000080000000, 0x0000000100000000)
  region size 1024K, 48 young (49152K), 1 survivors (1024K)
 Metaspace       used 150659K, capacity 156145K, committed 156236K, reserved 1185792K
  class space    used 18092K, capacity 20013K, committed 20096K, reserved 1048576K
}
Event: 15258.228 GC heap after
{Heap after GC invocations=527 (full 0):
 garbage-first heap   total 230400K, used 135806K [0x0000000080000000, 0x0000000100000000)
  region size 1024K, 3 young (3072K), 3 survivors (3072K)
 Metaspace       used 150659K, capacity 156145K, committed 156236K, reserved 1185792K
  class space    used 18092K, capacity 20013K, committed 20096K, reserved 1048576K
}
Event: 15521.181 GC heap before
{Heap before GC invocations=528 (full 0):
 garbage-first heap   total 230400K, used 183934K [0x0000000080000000, 0x0000000100000000)
  region size 1024K, 51 young (52224K), 3 survivors (3072K)
 Metaspace       used 152610K, capacity 157763K, committed 158924K, reserved 1187840K
  class space    used 18360K, capacity 20168K, committed 20480K, reserved 1048576K
}
Event: 15521.197 GC heap after
{Heap after GC invocations=529 (full 0):
 garbage-first heap   total 230400K, used 139093K [0x0000000080000000, 0x0000000100000000)
  region size 1024K, 6 young (6144K), 6 survivors (6144K)
 Metaspace       used 152610K, capacity 157763K, committed 158924K, reserved 1187840K
  class space    used 18360K, capacity 20168K, committed 20480K, reserved 1048576K
}
Event: 15521.290 GC heap before
{Heap before GC invocations=529 (full 0):
 garbage-first heap   total 230400K, used 144213K [0x0000000080000000, 0x0000000100000000)
  region size 1024K, 11 young (11264K), 6 survivors (6144K)
 Metaspace       used 152645K, capacity 157763K, committed 158924K, reserved 1187840K
  class space    used 18360K, capacity 20168K, committed 20480K, reserved 1048576K
}
Event: 15521.340 GC heap after
{Heap after GC invocations=530 (full 0):
 garbage-first heap   total 230400K, used 136764K [0x0000000080000000, 0x0000000100000000)
  region size 1024K, 1 young (1024K), 1 survivors (1024K)
 Metaspace       used 152645K, capacity 157763K, committed 158924K, reserved 1187840K
  class space    used 18360K, capacity 20168K, committed 20480K, reserved 1048576K
}
Event: 15522.899 GC heap before
{Heap before GC invocations=530 (full 0):
 garbage-first heap   total 230400K, used 186940K [0x0000000080000000, 0x0000000100000000)
  region size 1024K, 50 young (51200K), 1 survivors (1024K)
 Metaspace       used 154981K, capacity 160378K, committed 161228K, reserved 1189888K
  class space    used 18629K, capacity 20520K, committed 20736K, reserved 1048576K
}
Event: 15522.925 GC heap after
{Heap after GC invocations=531 (full 0):
 garbage-first heap   total 230400K, used 141000K [0x0000000080000000, 0x0000000100000000)
  region size 1024K, 5 young (5120K), 5 survivors (5120K)
 Metaspace       used 154981K, capacity 160378K, committed 161228K, reserved 1189888K
  class space    used 18629K, capacity 20520K, committed 20736K, reserved 1048576K
}
Event: 15525.222 GC heap before
{Heap before GC invocations=532 (full 0):
 garbage-first heap   total 230400K, used 188104K [0x0000000080000000, 0x0000000100000000)
  region size 1024K, 52 young (53248K), 5 survivors (5120K)
 Metaspace       used 160896K, capacity 166434K, committed 166732K, reserved 1193984K
  class space    used 19416K, capacity 21343K, committed 21376K, reserved 1048576K
}
Event: 15525.234 GC heap after
{Heap after GC invocations=533 (full 0):
 garbage-first heap   total 230400K, used 145027K [0x0000000080000000, 0x0000000100000000)
  region size 1024K, 4 young (4096K), 4 survivors (4096K)
 Metaspace       used 160896K, capacity 166434K, committed 166732K, reserved 1193984K
  class space    used 19416K, capacity 21343K, committed 21376K, reserved 1048576K
}
Event: 15526.662 GC heap before
{Heap before GC invocations=533 (full 0):
 garbage-first heap   total 230400K, used 152195K [0x0000000080000000, 0x0000000100000000)
  region size 1024K, 11 young (11264K), 4 survivors (4096K)
 Metaspace       used 161196K, capacity 166743K, committed 167116K, reserved 1196032K
  class space    used 19444K, capacity 21379K, committed 21504K, reserved 1048576K
}
Event: 15526.688 GC heap after
{Heap after GC invocations=534 (full 0):
 garbage-first heap   total 230400K, used 135520K [0x0000000080000000, 0x0000000100000000)
  region size 1024K, 1 young (1024K), 1 survivors (1024K)
 Metaspace       used 161196K, capacity 166743K, committed 167116K, reserved 1196032K
  class space    used 19444K, capacity 21379K, committed 21504K, reserved 1048576K
}
Event: 15532.675 GC heap before
{Heap before GC invocations=534 (full 0):
 garbage-first heap   total 230400K, used 153952K [0x0000000080000000, 0x0000000100000000)
  region size 1024K, 21 young (21504K), 1 survivors (1024K)
 Metaspace       used 161385K, capacity 166954K, committed 167372K, reserved 1196032K
  class space    used 19456K, capacity 21386K, committed 21504K, reserved 1048576K
}
Event: 15532.683 GC heap after
{Heap after GC invocations=535 (full 0):
 garbage-first heap   total 230400K, used 137257K [0x0000000080000000, 0x0000000100000000)
  region size 1024K, 3 young (3072K), 3 survivors (3072K)
 Metaspace       used 161385K, capacity 166954K, committed 167372K, reserved 1196032K
  class space    used 19456K, capacity 21386K, committed 21504K, reserved 1048576K
}

Deoptimization events (20 events):
Event: 15532.704 Thread 0x000001d508267800 Uncommon trap: trap_request=0xfffffff4 fr.pc=0x000001d577fb7c58 relative=0x00000000000011d8
Event: 15532.704 Thread 0x000001d508267800 Uncommon trap: reason=null_check action=make_not_entrant pc=0x000001d577fb7c58 method=org.gradle.internal.hash.DefaultStreamHasher.takeBuffer()[B @ 9 c2
Event: 15532.704 Thread 0x000001d508267800 DEOPT PACKING pc=0x000001d577fb7c58 sp=0x00000065d2efbec0
Event: 15532.704 Thread 0x000001d508267800 DEOPT UNPACKING pc=0x000001d56ec178af sp=0x00000065d2efbe50 mode 2
Event: 15532.709 Thread 0x000001d508264000 Uncommon trap: trap_request=0xffffffc6 fr.pc=0x000001d577833218 relative=0x0000000000001198
Event: 15532.709 Thread 0x000001d508264000 Uncommon trap: reason=bimorphic_or_optimized_type_check action=maybe_recompile pc=0x000001d577833218 method=com.google.common.cache.LocalCache$Segment.getLiveValue(Lcom/google/common/cache/ReferenceEntry;J)Ljava/lang/Object; @ 21 c2
Event: 15532.709 Thread 0x000001d508264000 DEOPT PACKING pc=0x000001d577833218 sp=0x00000065d2bfcde0
Event: 15532.709 Thread 0x000001d508264000 DEOPT UNPACKING pc=0x000001d56ec178af sp=0x00000065d2bfcd28 mode 2
Event: 15532.723 Thread 0x000001d508264000 Uncommon trap: trap_request=0xffffff4d fr.pc=0x000001d57711315c relative=0x000000000000021c
Event: 15532.723 Thread 0x000001d508264000 Uncommon trap: reason=unstable_if action=reinterpret pc=0x000001d57711315c method=java.io.PushbackInputStream.read([BII)I @ 66 c2
Event: 15532.723 Thread 0x000001d508264000 DEOPT PACKING pc=0x000001d57711315c sp=0x00000065d2bfbd60
Event: 15532.723 Thread 0x000001d508264000 DEOPT UNPACKING pc=0x000001d56ec178af sp=0x00000065d2bfbd10 mode 2
Event: 15532.724 Thread 0x000001d50825e800 Uncommon trap: trap_request=0xffffff4d fr.pc=0x000001d577de9310 relative=0x0000000000000630
Event: 15532.724 Thread 0x000001d50825e800 Uncommon trap: reason=unstable_if action=reinterpret pc=0x000001d577de9310 method=java.io.PushbackInputStream.read([BII)I @ 66 c2
Event: 15532.724 Thread 0x000001d50825e800 DEOPT PACKING pc=0x000001d577de9310 sp=0x00000065d2dfbad0
Event: 15532.724 Thread 0x000001d50825e800 DEOPT UNPACKING pc=0x000001d56ec178af sp=0x00000065d2dfba18 mode 2
Event: 15532.754 Thread 0x000001d508264000 Uncommon trap: trap_request=0xffffff4d fr.pc=0x000001d57698f498 relative=0x0000000000000558
Event: 15532.754 Thread 0x000001d508264000 Uncommon trap: reason=unstable_if action=reinterpret pc=0x000001d57698f498 method=java.util.concurrent.ConcurrentLinkedQueue.updateHead(Ljava/util/concurrent/ConcurrentLinkedQueue$Node;Ljava/util/concurrent/ConcurrentLinkedQueue$Node;)V @ 14 c2
Event: 15532.754 Thread 0x000001d508264000 DEOPT PACKING pc=0x000001d57698f498 sp=0x00000065d2bfcb60
Event: 15532.754 Thread 0x000001d508264000 DEOPT UNPACKING pc=0x000001d56ec178af sp=0x00000065d2bfcaa8 mode 2

Classes redefined (0 events):
No events

Internal exceptions (20 events):
Event: 15522.433 Thread 0x000001d50ccdd800 Exception <a 'java/lang/NoClassDefFoundError'{0x000000008c2565f8}: org/jetbrains/kotlin/gradle/plugin/KotlinBasePluginWrapper> (0x000000008c2565f8) thrown at [./src/hotspot/share/oops/constantPool.cpp, line 775]
Event: 15522.485 Thread 0x000001d50ccdd800 Exception <a 'sun/nio/fs/WindowsException'{0x000000008c2f0480}> (0x000000008c2f0480) thrown at [./src/hotspot/share/prims/jni.cpp, line 615]
Event: 15522.689 Thread 0x000001d50ccdd800 Exception <a 'sun/nio/fs/WindowsException'{0x000000008b320ab8}> (0x000000008b320ab8) thrown at [./src/hotspot/share/prims/jni.cpp, line 615]
Event: 15522.704 Thread 0x000001d50ccdd800 Exception <a 'sun/nio/fs/WindowsException'{0x000000008b3bf738}> (0x000000008b3bf738) thrown at [./src/hotspot/share/prims/jni.cpp, line 615]
Event: 15522.705 Thread 0x000001d50ccdd800 Exception <a 'sun/nio/fs/WindowsException'{0x000000008b3c0970}> (0x000000008b3c0970) thrown at [./src/hotspot/share/prims/jni.cpp, line 615]
Event: 15522.705 Thread 0x000001d50ccdd800 Exception <a 'sun/nio/fs/WindowsException'{0x000000008b3c1bf8}> (0x000000008b3c1bf8) thrown at [./src/hotspot/share/prims/jni.cpp, line 615]
Event: 15522.706 Thread 0x000001d50ccdd800 Exception <a 'sun/nio/fs/WindowsException'{0x000000008b3c2e80}> (0x000000008b3c2e80) thrown at [./src/hotspot/share/prims/jni.cpp, line 615]
Event: 15522.788 Thread 0x000001d50ccdd800 Exception <a 'java/lang/reflect/InvocationTargetException'{0x000000008b1593a0}> (0x000000008b1593a0) thrown at [./src/hotspot/share/runtime/reflection.cpp, line 1247]
Event: 15522.863 Thread 0x000001d50ccdd800 Implicit null exception at 0x000001d578786c1c to 0x000001d57878e228
Event: 15522.863 Thread 0x000001d50ccdd800 Implicit null exception at 0x000001d5776d9cf8 to 0x000001d5776da7dc
Event: 15522.863 Thread 0x000001d50ccdd800 Implicit null exception at 0x000001d577a6f540 to 0x000001d577a70d18
Event: 15522.872 Thread 0x000001d50ccdd800 Implicit null exception at 0x000001d577f3a0fc to 0x000001d577f3b5f8
Event: 15523.249 Thread 0x000001d508265000 Exception <a 'sun/nio/fs/WindowsException'{0x000000008dc38018}> (0x000000008dc38018) thrown at [./src/hotspot/share/prims/jni.cpp, line 615]
Event: 15524.705 Thread 0x000001d508265000 Implicit null exception at 0x000001d577511cf0 to 0x000001d577515824
Event: 15532.510 Thread 0x000001d50ccdd800 Implicit null exception at 0x000001d5787d8b04 to 0x000001d5787e0698
Event: 15532.643 Thread 0x000001d508265000 Implicit null exception at 0x000001d5779b2a88 to 0x000001d5779b87c4
Event: 15532.650 Thread 0x000001d50ccdd800 Exception <a 'java/net/SocketTimeoutException'{0x000000008d0e8b28}: Read timed out> (0x000000008d0e8b28) thrown at [./src/hotspot/share/prims/jni.cpp, line 636]
Event: 15532.665 Thread 0x000001d508268000 Exception <a 'java/net/SocketTimeoutException'{0x000000008cea4b30}: Read timed out> (0x000000008cea4b30) thrown at [./src/hotspot/share/prims/jni.cpp, line 636]
Event: 15532.704 Thread 0x000001d508267800 Implicit null exception at 0x000001d577fb6ad4 to 0x000001d577fb7c48
Event: 15532.774 Thread 0x000001d508267800 Exception <a 'java/net/SocketTimeoutException'{0x000000008dad3510}: Read timed out> (0x000000008dad3510) thrown at [./src/hotspot/share/prims/jni.cpp, line 636]

Events (20 events):
Event: 15532.700 loading class org/gradle/api/internal/artifacts/transform/TransformOutputsInternal$OutputLocationType done
Event: 15532.701 loading class org/gradle/api/internal/artifacts/transform/DefaultTransformerInvocationFactory$TransformerExecution
Event: 15532.701 loading class org/gradle/api/internal/artifacts/transform/DefaultTransformerInvocationFactory$TransformerExecution done
Event: 15532.701 loading class org/gradle/api/internal/artifacts/transform/DefaultTransformerInvocationFactory$TransformerExecution
Event: 15532.701 loading class org/gradle/api/internal/artifacts/transform/DefaultTransformerInvocationFactory$TransformerExecution done
Event: 15532.703 loading class org/gradle/api/internal/artifacts/transform/DefaultTransformerInvocationFactory$TransformerExecution$2
Event: 15532.703 loading class org/gradle/api/internal/artifacts/transform/DefaultTransformerInvocationFactory$TransformerExecution$2 done
Event: 15532.709 Executing VM operation: RevokeBias
Event: 15532.709 Executing VM operation: RevokeBias done
Event: 15532.714 loading class com/android/builder/aar/AarExtractor
Event: 15532.714 loading class com/android/builder/aar/AarExtractor done
Event: 15532.716 loading class com/android/builder/utils/ZipEntryUtils
Event: 15532.716 loading class com/android/builder/utils/ZipEntryUtils done
Event: 15532.742 loading class sun/security/ssl/PreSharedKeyExtension$SHPreSharedKeySpec
Event: 15532.743 loading class sun/security/ssl/PreSharedKeyExtension$SHPreSharedKeySpec done
Event: 15532.746 Executing VM operation: RevokeBias
Event: 15532.747 Executing VM operation: RevokeBias done
Event: 15532.751 loading class com/android/build/gradle/internal/dependency/AarTransform$1
Event: 15532.751 loading class com/android/build/gradle/internal/dependency/AarTransform$1 done
Event: 15532.797 Executing VM operation: CGC_Operation


Dynamic libraries:
0x00007ff7a0eb0000 - 0x00007ff7a0eba000 	C:\Program Files\Android\Android Studio1\jre\bin\java.exe
0x00007ff92d180000 - 0x00007ff92d387000 	C:\WINDOWS\SYSTEM32\ntdll.dll
0x00007ff92be50000 - 0x00007ff92bf0d000 	C:\WINDOWS\System32\KERNEL32.DLL
0x00007ff92a770000 - 0x00007ff92aae4000 	C:\WINDOWS\System32\KERNELBASE.dll
0x00007ff92ac90000 - 0x00007ff92ada1000 	C:\WINDOWS\System32\ucrtbase.dll
0x00007ff925290000 - 0x00007ff9252a9000 	C:\Program Files\Android\Android Studio1\jre\bin\jli.dll
0x00007ff92c3a0000 - 0x00007ff92c54c000 	C:\WINDOWS\System32\USER32.dll
0x00007ff92ac60000 - 0x00007ff92ac86000 	C:\WINDOWS\System32\win32u.dll
0x00007ff92c210000 - 0x00007ff92c239000 	C:\WINDOWS\System32\GDI32.dll
0x00007ff92aef0000 - 0x00007ff92b002000 	C:\WINDOWS\System32\gdi32full.dll
0x00007ff92a660000 - 0x00007ff92a6fd000 	C:\WINDOWS\System32\msvcp_win.dll
0x00007ff921300000 - 0x00007ff921317000 	C:\Program Files\Android\Android Studio1\jre\bin\VCRUNTIME140.dll
0x00007ff915b00000 - 0x00007ff915da5000 	C:\WINDOWS\WinSxS\amd64_microsoft.windows.common-controls_6595b64144ccf1df_6.0.22000.120_none_9d947278b86cc467\COMCTL32.dll
0x00007ff92ca20000 - 0x00007ff92cac3000 	C:\WINDOWS\System32\msvcrt.dll
0x00007ff92b9f0000 - 0x00007ff92ba21000 	C:\WINDOWS\System32\IMM32.DLL
0x00007ff8ef6e0000 - 0x00007ff8ef77d000 	C:\Program Files\Android\Android Studio1\jre\bin\msvcp140.dll
0x00007ff8d4700000 - 0x00007ff8d51cf000 	C:\Program Files\Android\Android Studio1\jre\bin\server\jvm.dll
0x00007ff92b010000 - 0x00007ff92b0bc000 	C:\WINDOWS\System32\ADVAPI32.dll
0x00007ff92cad0000 - 0x00007ff92cb6d000 	C:\WINDOWS\System32\sechost.dll
0x00007ff92bbe0000 - 0x00007ff92bd01000 	C:\WINDOWS\System32\RPCRT4.dll
0x00007ff92b8d0000 - 0x00007ff92b8d8000 	C:\WINDOWS\System32\PSAPI.DLL
0x00007ff922ab0000 - 0x00007ff922ab9000 	C:\WINDOWS\SYSTEM32\WSOCK32.dll
0x00007ff92ccc0000 - 0x00007ff92cd2f000 	C:\WINDOWS\System32\WS2_32.dll
0x00007ff923b90000 - 0x00007ff923bc3000 	C:\WINDOWS\SYSTEM32\WINMM.dll
0x00007ff9222d0000 - 0x00007ff9222da000 	C:\WINDOWS\SYSTEM32\VERSION.dll
0x00007ff929830000 - 0x00007ff929848000 	C:\WINDOWS\SYSTEM32\kernel.appcore.dll
0x00007ff922a90000 - 0x00007ff922aa1000 	C:\Program Files\Android\Android Studio1\jre\bin\verify.dll
0x00007ff9281a0000 - 0x00007ff9283c1000 	C:\WINDOWS\SYSTEM32\DBGHELP.DLL
0x00007ff907830000 - 0x00007ff907861000 	C:\WINDOWS\SYSTEM32\dbgcore.DLL
0x00007ff92adb0000 - 0x00007ff92ae30000 	C:\WINDOWS\System32\bcryptPrimitives.dll
0x00007ff921050000 - 0x00007ff921079000 	C:\Program Files\Android\Android Studio1\jre\bin\java.dll
0x00007ff922a80000 - 0x00007ff922a8b000 	C:\Program Files\Android\Android Studio1\jre\bin\jimage.dll
0x00007ff921030000 - 0x00007ff921048000 	C:\Program Files\Android\Android Studio1\jre\bin\zip.dll
0x00007ff92b120000 - 0x00007ff92b8ca000 	C:\WINDOWS\System32\SHELL32.dll
0x00007ff9287d0000 - 0x00007ff929032000 	C:\WINDOWS\SYSTEM32\windows.storage.dll
0x00007ff92cdc0000 - 0x00007ff92d138000 	C:\WINDOWS\System32\combase.dll
0x00007ff928660000 - 0x00007ff9287c6000 	C:\WINDOWS\SYSTEM32\wintypes.dll
0x00007ff92cbd0000 - 0x00007ff92ccba000 	C:\WINDOWS\System32\SHCORE.dll
0x00007ff92cb70000 - 0x00007ff92cbcd000 	C:\WINDOWS\System32\shlwapi.dll
0x00007ff92a590000 - 0x00007ff92a5b1000 	C:\WINDOWS\SYSTEM32\profapi.dll
0x00007ff90e6f0000 - 0x00007ff90e70a000 	C:\Program Files\Android\Android Studio1\jre\bin\net.dll
0x00007ff9245a0000 - 0x00007ff9246ac000 	C:\WINDOWS\SYSTEM32\WINHTTP.dll
0x00007ff929c60000 - 0x00007ff929cc7000 	C:\WINDOWS\system32\mswsock.dll
0x00007ff90e6d0000 - 0x00007ff90e6e4000 	C:\Program Files\Android\Android Studio1\jre\bin\nio.dll
0x00007ff9249e0000 - 0x00007ff924a07000 	C:\Users\LENOVO\.gradle\native\8bec1ad78214c89d9ad589b4d07fe93259594b29d510b10fafb7a158f7737e5d\windows-amd64\native-platform.dll
0x00007ff8fa200000 - 0x00007ff8fa33d000 	C:\Users\LENOVO\.gradle\native\53dbd7edfb1c66fb8903c78663c9afc45aea4f116125fa6feffd364cf09443e8\windows-amd64\native-platform-file-events.dll
0x00007ff918c50000 - 0x00007ff918c5a000 	C:\Program Files\Android\Android Studio1\jre\bin\management.dll
0x00007ff915dc0000 - 0x00007ff915dcc000 	C:\Program Files\Android\Android Studio1\jre\bin\management_ext.dll
0x00007ff929ec0000 - 0x00007ff929ed8000 	C:\WINDOWS\SYSTEM32\CRYPTSP.dll
0x00007ff929790000 - 0x00007ff9297c5000 	C:\WINDOWS\system32\rsaenh.dll
0x00007ff929d70000 - 0x00007ff929d99000 	C:\WINDOWS\SYSTEM32\USERENV.dll
0x00007ff92a040000 - 0x00007ff92a067000 	C:\WINDOWS\SYSTEM32\bcrypt.dll
0x00007ff929ee0000 - 0x00007ff929eec000 	C:\WINDOWS\SYSTEM32\CRYPTBASE.dll
0x00007ff929370000 - 0x00007ff92939d000 	C:\WINDOWS\SYSTEM32\IPHLPAPI.DLL
0x00007ff92bf10000 - 0x00007ff92bf19000 	C:\WINDOWS\System32\NSI.dll
0x00007ff923ea0000 - 0x00007ff923eb9000 	C:\WINDOWS\SYSTEM32\dhcpcsvc6.DLL
0x00007ff924f30000 - 0x00007ff924f4e000 	C:\WINDOWS\SYSTEM32\dhcpcsvc.DLL
0x00007ff9293e0000 - 0x00007ff9294c7000 	C:\WINDOWS\SYSTEM32\DNSAPI.dll
0x00007ff8e5ed0000 - 0x00007ff8e5ef7000 	C:\Program Files\Android\Android Studio1\jre\bin\sunec.dll
0x00007ff90a290000 - 0x00007ff90a29a000 	C:\Windows\System32\rasadhlp.dll
0x00007ff922460000 - 0x00007ff9224e1000 	C:\WINDOWS\System32\fwpuclnt.dll

dbghelp: loaded successfully - version: 4.0.5 - missing functions: none
symbol engine: initialized successfully - sym options: 0x614 - pdb path: .;C:\Program Files\Android\Android Studio1\jre\bin;C:\WINDOWS\SYSTEM32;C:\WINDOWS\WinSxS\amd64_microsoft.windows.common-controls_6595b64144ccf1df_6.0.22000.120_none_9d947278b86cc467;C:\Program Files\Android\Android Studio1\jre\bin\server;C:\Users\LENOVO\.gradle\native\8bec1ad78214c89d9ad589b4d07fe93259594b29d510b10fafb7a158f7737e5d\windows-amd64;C:\Users\LENOVO\.gradle\native\53dbd7edfb1c66fb8903c78663c9afc45aea4f116125fa6feffd364cf09443e8\windows-amd64

VM Arguments:
jvm_args: --add-opens=java.base/java.util=ALL-UNNAMED --add-opens=java.base/java.lang=ALL-UNNAMED --add-opens=java.base/java.lang.invoke=ALL-UNNAMED --add-opens=java.base/java.util=ALL-UNNAMED --add-opens=java.prefs/java.util.prefs=ALL-UNNAMED --add-opens=java.prefs/java.util.prefs=ALL-UNNAMED --add-opens=java.base/java.nio.charset=ALL-UNNAMED --add-opens=java.base/java.net=ALL-UNNAMED --add-opens=java.base/java.util.concurrent.atomic=ALL-UNNAMED -Xmx2048m -Dfile.encoding=UTF-8 -Duser.country=US -Duser.language=en -Duser.variant 
java_command: org.gradle.launcher.daemon.bootstrap.GradleDaemon 7.0.2
java_class_path (initial): C:\Users\LENOVO\.gradle\wrapper\dists\gradle-7.0.2-bin\857tjihv64xamwrf0h14cai3r\gradle-7.0.2\lib\gradle-launcher-7.0.2.jar
Launcher Type: SUN_STANDARD

[Global flags]
     intx CICompilerCount                          = 4                                         {product} {ergonomic}
     uint ConcGCThreads                            = 2                                         {product} {ergonomic}
     uint G1ConcRefinementThreads                  = 8                                         {product} {ergonomic}
   size_t G1HeapRegionSize                         = 1048576                                   {product} {ergonomic}
    uintx GCDrainStackTargetSize                   = 64                                        {product} {ergonomic}
   size_t InitialHeapSize                          = 134217728                                 {product} {ergonomic}
   size_t MarkStackSize                            = 4194304                                   {product} {ergonomic}
   size_t MaxHeapSize                              = 2147483648                                {product} {command line}
   size_t MaxNewSize                               = 1287651328                                {product} {ergonomic}
   size_t MinHeapDeltaBytes                        = 1048576                                   {product} {ergonomic}
    uintx NonNMethodCodeHeapSize                   = 5836300                                {pd product} {ergonomic}
    uintx NonProfiledCodeHeapSize                  = 122910970                              {pd product} {ergonomic}
    uintx ProfiledCodeHeapSize                     = 122910970                              {pd product} {ergonomic}
    uintx ReservedCodeCacheSize                    = 251658240                              {pd product} {ergonomic}
     bool SegmentedCodeCache                       = true                                      {product} {ergonomic}
     bool UseCompressedClassPointers               = true                                 {lp64_product} {ergonomic}
     bool UseCompressedOops                        = true                                 {lp64_product} {ergonomic}
     bool UseG1GC                                  = true                                      {product} {ergonomic}
     bool UseLargePagesIndividualAllocation        = false                                  {pd product} {ergonomic}

Logging:
Log output configuration:
 #0: stdout all=warning uptime,level,tags
 #1: stderr all=off uptime,level,tags

Environment Variables:
PATH=C:\Program Files (x86)\Common Files\Intel\Shared Libraries\redist\intel64_win\compiler;C:\Program Files (x86)\Common Files\Oracle\Java\javapath;C:\Windows\system32;C:\Windows;C:\Windows\System32\Wbem;C:\Windows\System32\WindowsPowerShell\v1.0\;C:\Windows\System32\OpenSSH\;C:\Program Files (x86)\NVIDIA Corporation\PhysX\Common;C:\Program Files\NVIDIA Corporation\NVIDIA NvDLISR;C:\Program Files\nodejs\;C:\ProgramData\chocolatey\bin;C:\WINDOWS\system32;C:\WINDOWS;C:\WINDOWS\System32\Wbem;C:\WINDOWS\System32\WindowsPowerShell\v1.0\;C:\WINDOWS\System32\OpenSSH\;C:\Program Files\Git\cmd;C:\Users\LENOVO\AppData\Local\Programs\Python\Python310\Scripts\;C:\Users\LENOVO\AppData\Local\Programs\Python\Python310\;C:\Users\LENOVO\AppData\Local\Microsoft\WindowsApps;C:\Users\LENOVO\AppData\Local\Programs\Microsoft VS Code\bin;C:\Users\LENOVO\AppData\Roaming\npm;C:\Users\LENOVO\AppData\Local\Android\Sdk\platform-tools;
USERNAME=LENOVO
OS=Windows_NT
PROCESSOR_IDENTIFIER=Intel64 Family 6 Model 158 Stepping 13, GenuineIntel



---------------  S Y S T E M  ---------------

OS: Windows 10 , 64 bit Build 22000 (10.0.22000.282)
OS uptime: 2 days 22:44 hours
Hyper-V role detected

CPU:total 8 (initial active 8) (4 cores per cpu, 2 threads per core) family 6 model 158 stepping 13 microcode 0xea, cmov, cx8, fxsr, mmx, sse, sse2, sse3, ssse3, sse4.1, sse4.2, popcnt, avx, avx2, aes, clmul, erms, 3dnowpref, lzcnt, ht, tsc, tscinvbit, bmi1, bmi2, adx, fma

Memory: 4k page, system-wide physical 8112M (940M free)
TotalPageFile size 22679M (AvailPageFile size 7668M)
current process WorkingSet (physical memory assigned to process): 567M, peak: 592M
current process commit charge ("private bytes"): 727M, peak: 733M

vm_info: OpenJDK 64-Bit Server VM (11.0.10+0-b96-7249189) for windows-amd64 JRE (11.0.10+0-b96-7249189), built on Mar 31 2021 21:44:00 by "builder" with MS VC++ 14.0 (VS2015)

END.
